2023-03-06T09:28:06+00:00 CRITICAL syntax error, unexpected identifier "var_dump" in /Applications/XAMPP/xamppfiles/htdocs/vinhammer/wp-content/themes/kadence-child/woocommerce/content-product.php on line 30

2023-03-06T09:45:18+00:00 CRITICAL syntax error, unexpected token "if" in /Applications/XAMPP/xamppfiles/htdocs/vinhammer/wp-content/themes/kadence-child/woocommerce/content-product.php on line 31

2023-03-06T10:18:26+00:00 CRITICAL Uncaught Error: Using $this when not in object context in /Applications/XAMPP/xamppfiles/htdocs/vinhammer/wp-content/themes/kadence-child/woocommerce/content-product.php:26
Stack trace:
#0 /Applications/XAMPP/xamppfiles/htdocs/vinhammer/wp-includes/template.php(785): require()
#1 /Applications/XAMPP/xamppfiles/htdocs/vinhammer/wp-content/plugins/woocommerce/includes/wc-core-functions.php(284): load_template('/Applications/X...', false)
#2 /Applications/XAMPP/xamppfiles/htdocs/vinhammer/wp-content/themes/kadence-child/functions.php(521): wc_get_template_part('content', 'product')
#3 /Applications/XAMPP/xamppfiles/htdocs/vinhammer/wp-includes/shortcodes.php(355): auction_list_func(Array, '', 'auction_list')
#4 [internal function]: do_shortcode_tag(Array)
#5 /Applications/XAMPP/xamppfiles/htdocs/vinhammer/wp-includes/shortcodes.php(227): preg_replace_callback('/\\[(\\[?)(auctio...', 'do_shortcode_ta...', '\n[auction_list ...')
#6 /Applications/XAMPP/xamppfiles/htdocs/vinhammer/wp-includes/class-wp-hook.php(308): do_shortcode('\n[auction_list ...')
#7 /Applications/XAMPP/xamppfiles/htdocs/vinhammer/wp-includes/plugin.php(205): WP_Hook->apply_filters('\n[auction_list ...', Array)
#8 /Applications/XAMPP/xamppfiles/htdocs/vinhammer/wp-includes/post-template.php(255): apply_filters('the_content', '<!-- wp:paragra...')
#9 /Applications/XAMPP/xamppfiles/htdocs/vinhammer/wp-content/themes/kadence/template-parts/content/entry_content.php(16): the_content('Continue readin...')
#10 /Applications/XAMPP/xamppfiles/htdocs/vinhammer/wp-includes/template.php(785): require('/Applications/X...')
#11 /Applications/XAMPP/xamppfiles/htdocs/vinhammer/wp-includes/template.php(718): load_template('/Applications/X...', false, Array)
#12 /Applications/XAMPP/xamppfiles/htdocs/vinhammer/wp-includes/general-template.php(204): locate_template(Array, true, false, Array)
#13 /Applications/XAMPP/xamppfiles/htdocs/vinhammer/wp-content/themes/kadence/template-parts/content/single-entry.php(28): get_template_part('template-parts/...', 'page')
#14 /Applications/XAMPP/xamppfiles/htdocs/vinhammer/wp-includes/template.php(785): require('/Applications/X...')
#15 /Applications/XAMPP/xamppfiles/htdocs/vinhammer/wp-includes/template.php(718): load_template('/Applications/X...', false, Array)
#16 /Applications/XAMPP/xamppfiles/htdocs/vinhammer/wp-includes/general-template.php(204): locate_template(Array, true, false, Array)
#17 /Applications/XAMPP/xamppfiles/htdocs/vinhammer/wp-content/themes/kadence/inc/template-functions/single-functions.php(27): get_template_part('template-parts/...', 'page')
#18 /Applications/XAMPP/xamppfiles/htdocs/vinhammer/wp-includes/class-wp-hook.php(308): Kadence\single_content('')
#19 /Applications/XAMPP/xamppfiles/htdocs/vinhammer/wp-includes/class-wp-hook.php(332): WP_Hook->apply_filters('', Array)
#20 /Applications/XAMPP/xamppfiles/htdocs/vinhammer/wp-includes/plugin.php(517): WP_Hook->do_action(Array)
#21 /Applications/XAMPP/xamppfiles/htdocs/vinhammer/wp-content/themes/kadence/template-parts/content/single.php(34): do_action('kadence_single_...')
#22 /Applications/XAMPP/xamppfiles/htdocs/vinhammer/wp-includes/template.php(785): require('/Applications/X...')
#23 /Applications/XAMPP/xamppfiles/htdocs/vinhammer/wp-includes/template.php(718): load_template('/Applications/X...', false, Array)
#24 /Applications/XAMPP/xamppfiles/htdocs/vinhammer/wp-includes/general-template.php(204): locate_template(Array, true, false, Array)
#25 /Applications/XAMPP/xamppfiles/htdocs/vinhammer/wp-content/themes/kadence/inc/template-functions/single-functions.php(20): get_template_part('template-parts/...', 'page')
#26 /Applications/XAMPP/xamppfiles/htdocs/vinhammer/wp-includes/class-wp-hook.php(308): Kadence\single_markup('')
#27 /Applications/XAMPP/xamppfiles/htdocs/vinhammer/wp-includes/class-wp-hook.php(332): WP_Hook->apply_filters('', Array)
#28 /Applications/XAMPP/xamppfiles/htdocs/vinhammer/wp-includes/plugin.php(517): WP_Hook->do_action(Array)
#29 /Applications/XAMPP/xamppfiles/htdocs/vinhammer/wp-content/themes/kadence/page.php(20): do_action('kadence_single')
#30 /Applications/XAMPP/xamppfiles/htdocs/vinhammer/wp-includes/template-loader.php(106): include('/Applications/X...')
#31 /Applications/XAMPP/xamppfiles/htdocs/vinhammer/wp-blog-header.php(19): require_once('/Applications/X...')
#32 /Applications/XAMPP/xamppfiles/htdocs/vinhammer/index.php(17): require('/Applications/X...')
#33 {main}
  thrown in /Applications/XAMPP/xamppfiles/htdocs/vinhammer/wp-content/themes/kadence-child/woocommerce/content-product.php on line 26

2023-03-06T10:22:07+00:00 CRITICAL Uncaught Error: Using $this when not in object context in /Applications/XAMPP/xamppfiles/htdocs/vinhammer/wp-content/themes/kadence-child/woocommerce/content-product.php:27
Stack trace:
#0 /Applications/XAMPP/xamppfiles/htdocs/vinhammer/wp-includes/template.php(785): require()
#1 /Applications/XAMPP/xamppfiles/htdocs/vinhammer/wp-content/plugins/woocommerce/includes/wc-core-functions.php(284): load_template('/Applications/X...', false)
#2 /Applications/XAMPP/xamppfiles/htdocs/vinhammer/wp-content/themes/kadence-child/functions.php(521): wc_get_template_part('content', 'product')
#3 /Applications/XAMPP/xamppfiles/htdocs/vinhammer/wp-includes/shortcodes.php(355): auction_list_func(Array, '', 'auction_list')
#4 [internal function]: do_shortcode_tag(Array)
#5 /Applications/XAMPP/xamppfiles/htdocs/vinhammer/wp-includes/shortcodes.php(227): preg_replace_callback('/\\[(\\[?)(auctio...', 'do_shortcode_ta...', '\n[auction_list ...')
#6 /Applications/XAMPP/xamppfiles/htdocs/vinhammer/wp-includes/class-wp-hook.php(308): do_shortcode('\n[auction_list ...')
#7 /Applications/XAMPP/xamppfiles/htdocs/vinhammer/wp-includes/plugin.php(205): WP_Hook->apply_filters('\n[auction_list ...', Array)
#8 /Applications/XAMPP/xamppfiles/htdocs/vinhammer/wp-includes/post-template.php(255): apply_filters('the_content', '<!-- wp:paragra...')
#9 /Applications/XAMPP/xamppfiles/htdocs/vinhammer/wp-content/themes/kadence/template-parts/content/entry_content.php(16): the_content('Continue readin...')
#10 /Applications/XAMPP/xamppfiles/htdocs/vinhammer/wp-includes/template.php(785): require('/Applications/X...')
#11 /Applications/XAMPP/xamppfiles/htdocs/vinhammer/wp-includes/template.php(718): load_template('/Applications/X...', false, Array)
#12 /Applications/XAMPP/xamppfiles/htdocs/vinhammer/wp-includes/general-template.php(204): locate_template(Array, true, false, Array)
#13 /Applications/XAMPP/xamppfiles/htdocs/vinhammer/wp-content/themes/kadence/template-parts/content/single-entry.php(28): get_template_part('template-parts/...', 'page')
#14 /Applications/XAMPP/xamppfiles/htdocs/vinhammer/wp-includes/template.php(785): require('/Applications/X...')
#15 /Applications/XAMPP/xamppfiles/htdocs/vinhammer/wp-includes/template.php(718): load_template('/Applications/X...', false, Array)
#16 /Applications/XAMPP/xamppfiles/htdocs/vinhammer/wp-includes/general-template.php(204): locate_template(Array, true, false, Array)
#17 /Applications/XAMPP/xamppfiles/htdocs/vinhammer/wp-content/themes/kadence/inc/template-functions/single-functions.php(27): get_template_part('template-parts/...', 'page')
#18 /Applications/XAMPP/xamppfiles/htdocs/vinhammer/wp-includes/class-wp-hook.php(308): Kadence\single_content('')
#19 /Applications/XAMPP/xamppfiles/htdocs/vinhammer/wp-includes/class-wp-hook.php(332): WP_Hook->apply_filters('', Array)
#20 /Applications/XAMPP/xamppfiles/htdocs/vinhammer/wp-includes/plugin.php(517): WP_Hook->do_action(Array)
#21 /Applications/XAMPP/xamppfiles/htdocs/vinhammer/wp-content/themes/kadence/template-parts/content/single.php(34): do_action('kadence_single_...')
#22 /Applications/XAMPP/xamppfiles/htdocs/vinhammer/wp-includes/template.php(785): require('/Applications/X...')
#23 /Applications/XAMPP/xamppfiles/htdocs/vinhammer/wp-includes/template.php(718): load_template('/Applications/X...', false, Array)
#24 /Applications/XAMPP/xamppfiles/htdocs/vinhammer/wp-includes/general-template.php(204): locate_template(Array, true, false, Array)
#25 /Applications/XAMPP/xamppfiles/htdocs/vinhammer/wp-content/themes/kadence/inc/template-functions/single-functions.php(20): get_template_part('template-parts/...', 'page')
#26 /Applications/XAMPP/xamppfiles/htdocs/vinhammer/wp-includes/class-wp-hook.php(308): Kadence\single_markup('')
#27 /Applications/XAMPP/xamppfiles/htdocs/vinhammer/wp-includes/class-wp-hook.php(332): WP_Hook->apply_filters('', Array)
#28 /Applications/XAMPP/xamppfiles/htdocs/vinhammer/wp-includes/plugin.php(517): WP_Hook->do_action(Array)
#29 /Applications/XAMPP/xamppfiles/htdocs/vinhammer/wp-content/themes/kadence/page.php(20): do_action('kadence_single')
#30 /Applications/XAMPP/xamppfiles/htdocs/vinhammer/wp-includes/template-loader.php(106): include('/Applications/X...')
#31 /Applications/XAMPP/xamppfiles/htdocs/vinhammer/wp-blog-header.php(19): require_once('/Applications/X...')
#32 /Applications/XAMPP/xamppfiles/htdocs/vinhammer/index.php(17): require('/Applications/X...')
#33 {main}
  thrown in /Applications/XAMPP/xamppfiles/htdocs/vinhammer/wp-content/themes/kadence-child/woocommerce/content-product.php on line 27

2023-03-06T10:22:23+00:00 CRITICAL Uncaught Error: Using $this when not in object context in /Applications/XAMPP/xamppfiles/htdocs/vinhammer/wp-content/themes/kadence-child/woocommerce/content-product.php:27
Stack trace:
#0 /Applications/XAMPP/xamppfiles/htdocs/vinhammer/wp-includes/template.php(785): require()
#1 /Applications/XAMPP/xamppfiles/htdocs/vinhammer/wp-content/plugins/woocommerce/includes/wc-core-functions.php(284): load_template('/Applications/X...', false)
#2 /Applications/XAMPP/xamppfiles/htdocs/vinhammer/wp-content/themes/kadence-child/functions.php(521): wc_get_template_part('content', 'product')
#3 /Applications/XAMPP/xamppfiles/htdocs/vinhammer/wp-includes/shortcodes.php(355): auction_list_func(Array, '', 'auction_list')
#4 [internal function]: do_shortcode_tag(Array)
#5 /Applications/XAMPP/xamppfiles/htdocs/vinhammer/wp-includes/shortcodes.php(227): preg_replace_callback('/\\[(\\[?)(auctio...', 'do_shortcode_ta...', '\n[auction_list ...')
#6 /Applications/XAMPP/xamppfiles/htdocs/vinhammer/wp-includes/class-wp-hook.php(308): do_shortcode('\n[auction_list ...')
#7 /Applications/XAMPP/xamppfiles/htdocs/vinhammer/wp-includes/plugin.php(205): WP_Hook->apply_filters('\n[auction_list ...', Array)
#8 /Applications/XAMPP/xamppfiles/htdocs/vinhammer/wp-includes/post-template.php(255): apply_filters('the_content', '<!-- wp:paragra...')
#9 /Applications/XAMPP/xamppfiles/htdocs/vinhammer/wp-content/themes/kadence/template-parts/content/entry_content.php(16): the_content('Continue readin...')
#10 /Applications/XAMPP/xamppfiles/htdocs/vinhammer/wp-includes/template.php(785): require('/Applications/X...')
#11 /Applications/XAMPP/xamppfiles/htdocs/vinhammer/wp-includes/template.php(718): load_template('/Applications/X...', false, Array)
#12 /Applications/XAMPP/xamppfiles/htdocs/vinhammer/wp-includes/general-template.php(204): locate_template(Array, true, false, Array)
#13 /Applications/XAMPP/xamppfiles/htdocs/vinhammer/wp-content/themes/kadence/template-parts/content/single-entry.php(28): get_template_part('template-parts/...', 'page')
#14 /Applications/XAMPP/xamppfiles/htdocs/vinhammer/wp-includes/template.php(785): require('/Applications/X...')
#15 /Applications/XAMPP/xamppfiles/htdocs/vinhammer/wp-includes/template.php(718): load_template('/Applications/X...', false, Array)
#16 /Applications/XAMPP/xamppfiles/htdocs/vinhammer/wp-includes/general-template.php(204): locate_template(Array, true, false, Array)
#17 /Applications/XAMPP/xamppfiles/htdocs/vinhammer/wp-content/themes/kadence/inc/template-functions/single-functions.php(27): get_template_part('template-parts/...', 'page')
#18 /Applications/XAMPP/xamppfiles/htdocs/vinhammer/wp-includes/class-wp-hook.php(308): Kadence\single_content('')
#19 /Applications/XAMPP/xamppfiles/htdocs/vinhammer/wp-includes/class-wp-hook.php(332): WP_Hook->apply_filters('', Array)
#20 /Applications/XAMPP/xamppfiles/htdocs/vinhammer/wp-includes/plugin.php(517): WP_Hook->do_action(Array)
#21 /Applications/XAMPP/xamppfiles/htdocs/vinhammer/wp-content/themes/kadence/template-parts/content/single.php(34): do_action('kadence_single_...')
#22 /Applications/XAMPP/xamppfiles/htdocs/vinhammer/wp-includes/template.php(785): require('/Applications/X...')
#23 /Applications/XAMPP/xamppfiles/htdocs/vinhammer/wp-includes/template.php(718): load_template('/Applications/X...', false, Array)
#24 /Applications/XAMPP/xamppfiles/htdocs/vinhammer/wp-includes/general-template.php(204): locate_template(Array, true, false, Array)
#25 /Applications/XAMPP/xamppfiles/htdocs/vinhammer/wp-content/themes/kadence/inc/template-functions/single-functions.php(20): get_template_part('template-parts/...', 'page')
#26 /Applications/XAMPP/xamppfiles/htdocs/vinhammer/wp-includes/class-wp-hook.php(308): Kadence\single_markup('')
#27 /Applications/XAMPP/xamppfiles/htdocs/vinhammer/wp-includes/class-wp-hook.php(332): WP_Hook->apply_filters('', Array)
#28 /Applications/XAMPP/xamppfiles/htdocs/vinhammer/wp-includes/plugin.php(517): WP_Hook->do_action(Array)
#29 /Applications/XAMPP/xamppfiles/htdocs/vinhammer/wp-content/themes/kadence/page.php(20): do_action('kadence_single')
#30 /Applications/XAMPP/xamppfiles/htdocs/vinhammer/wp-includes/template-loader.php(106): include('/Applications/X...')
#31 /Applications/XAMPP/xamppfiles/htdocs/vinhammer/wp-blog-header.php(19): require_once('/Applications/X...')
#32 /Applications/XAMPP/xamppfiles/htdocs/vinhammer/index.php(17): require('/Applications/X...')
#33 {main}
  thrown in /Applications/XAMPP/xamppfiles/htdocs/vinhammer/wp-content/themes/kadence-child/woocommerce/content-product.php on line 27

2023-03-06T10:23:37+00:00 CRITICAL Uncaught Error: Using $this when not in object context in /Applications/XAMPP/xamppfiles/htdocs/vinhammer/wp-content/themes/kadence-child/woocommerce/content-product.php:27
Stack trace:
#0 /Applications/XAMPP/xamppfiles/htdocs/vinhammer/wp-includes/template.php(785): require()
#1 /Applications/XAMPP/xamppfiles/htdocs/vinhammer/wp-content/plugins/woocommerce/includes/wc-core-functions.php(284): load_template('/Applications/X...', false)
#2 /Applications/XAMPP/xamppfiles/htdocs/vinhammer/wp-content/themes/kadence-child/functions.php(521): wc_get_template_part('content', 'product')
#3 /Applications/XAMPP/xamppfiles/htdocs/vinhammer/wp-includes/shortcodes.php(355): auction_list_func(Array, '', 'auction_list')
#4 [internal function]: do_shortcode_tag(Array)
#5 /Applications/XAMPP/xamppfiles/htdocs/vinhammer/wp-includes/shortcodes.php(227): preg_replace_callback('/\\[(\\[?)(auctio...', 'do_shortcode_ta...', '\n[auction_list ...')
#6 /Applications/XAMPP/xamppfiles/htdocs/vinhammer/wp-includes/class-wp-hook.php(308): do_shortcode('\n[auction_list ...')
#7 /Applications/XAMPP/xamppfiles/htdocs/vinhammer/wp-includes/plugin.php(205): WP_Hook->apply_filters('\n[auction_list ...', Array)
#8 /Applications/XAMPP/xamppfiles/htdocs/vinhammer/wp-includes/post-template.php(255): apply_filters('the_content', '<!-- wp:paragra...')
#9 /Applications/XAMPP/xamppfiles/htdocs/vinhammer/wp-content/themes/kadence/template-parts/content/entry_content.php(16): the_content('Continue readin...')
#10 /Applications/XAMPP/xamppfiles/htdocs/vinhammer/wp-includes/template.php(785): require('/Applications/X...')
#11 /Applications/XAMPP/xamppfiles/htdocs/vinhammer/wp-includes/template.php(718): load_template('/Applications/X...', false, Array)
#12 /Applications/XAMPP/xamppfiles/htdocs/vinhammer/wp-includes/general-template.php(204): locate_template(Array, true, false, Array)
#13 /Applications/XAMPP/xamppfiles/htdocs/vinhammer/wp-content/themes/kadence/template-parts/content/single-entry.php(28): get_template_part('template-parts/...', 'page')
#14 /Applications/XAMPP/xamppfiles/htdocs/vinhammer/wp-includes/template.php(785): require('/Applications/X...')
#15 /Applications/XAMPP/xamppfiles/htdocs/vinhammer/wp-includes/template.php(718): load_template('/Applications/X...', false, Array)
#16 /Applications/XAMPP/xamppfiles/htdocs/vinhammer/wp-includes/general-template.php(204): locate_template(Array, true, false, Array)
#17 /Applications/XAMPP/xamppfiles/htdocs/vinhammer/wp-content/themes/kadence/inc/template-functions/single-functions.php(27): get_template_part('template-parts/...', 'page')
#18 /Applications/XAMPP/xamppfiles/htdocs/vinhammer/wp-includes/class-wp-hook.php(308): Kadence\single_content('')
#19 /Applications/XAMPP/xamppfiles/htdocs/vinhammer/wp-includes/class-wp-hook.php(332): WP_Hook->apply_filters('', Array)
#20 /Applications/XAMPP/xamppfiles/htdocs/vinhammer/wp-includes/plugin.php(517): WP_Hook->do_action(Array)
#21 /Applications/XAMPP/xamppfiles/htdocs/vinhammer/wp-content/themes/kadence/template-parts/content/single.php(34): do_action('kadence_single_...')
#22 /Applications/XAMPP/xamppfiles/htdocs/vinhammer/wp-includes/template.php(785): require('/Applications/X...')
#23 /Applications/XAMPP/xamppfiles/htdocs/vinhammer/wp-includes/template.php(718): load_template('/Applications/X...', false, Array)
#24 /Applications/XAMPP/xamppfiles/htdocs/vinhammer/wp-includes/general-template.php(204): locate_template(Array, true, false, Array)
#25 /Applications/XAMPP/xamppfiles/htdocs/vinhammer/wp-content/themes/kadence/inc/template-functions/single-functions.php(20): get_template_part('template-parts/...', 'page')
#26 /Applications/XAMPP/xamppfiles/htdocs/vinhammer/wp-includes/class-wp-hook.php(308): Kadence\single_markup('')
#27 /Applications/XAMPP/xamppfiles/htdocs/vinhammer/wp-includes/class-wp-hook.php(332): WP_Hook->apply_filters('', Array)
#28 /Applications/XAMPP/xamppfiles/htdocs/vinhammer/wp-includes/plugin.php(517): WP_Hook->do_action(Array)
#29 /Applications/XAMPP/xamppfiles/htdocs/vinhammer/wp-content/themes/kadence/page.php(20): do_action('kadence_single')
#30 /Applications/XAMPP/xamppfiles/htdocs/vinhammer/wp-includes/template-loader.php(106): include('/Applications/X...')
#31 /Applications/XAMPP/xamppfiles/htdocs/vinhammer/wp-blog-header.php(19): require_once('/Applications/X...')
#32 /Applications/XAMPP/xamppfiles/htdocs/vinhammer/index.php(17): require('/Applications/X...')
#33 {main}
  thrown in /Applications/XAMPP/xamppfiles/htdocs/vinhammer/wp-content/themes/kadence-child/woocommerce/content-product.php on line 27

