2023-03-05T00:00:00+00:00 CRITICAL syntax error, unexpected token "?" in /Applications/XAMPP/xamppfiles/htdocs/vinhammer/wp-content/themes/kadence-child/woocommerce/content-product.php on line 37

2023-03-05T11:06:57+00:00 CRITICAL Unclosed '{' on line 408 does not match ')' in /Applications/XAMPP/xamppfiles/htdocs/vinhammer/wp-content/themes/kadence-child/functions.php on line 420

2023-03-05T11:08:12+00:00 CRITICAL Unclosed '{' on line 408 does not match ')' in /Applications/XAMPP/xamppfiles/htdocs/vinhammer/wp-content/themes/kadence-child/functions.php on line 420

2023-03-05T11:08:14+00:00 CRITICAL Unclosed '{' on line 408 does not match ')' in /Applications/XAMPP/xamppfiles/htdocs/vinhammer/wp-content/themes/kadence-child/functions.php on line 420

2023-03-05T11:08:22+00:00 CRITICAL Unclosed '{' on line 408 does not match ')' in /Applications/XAMPP/xamppfiles/htdocs/vinhammer/wp-content/themes/kadence-child/functions.php on line 420

2023-03-05T11:08:38+00:00 CRITICAL Unclosed '{' on line 408 does not match ')' in /Applications/XAMPP/xamppfiles/htdocs/vinhammer/wp-content/themes/kadence-child/functions.php on line 420

2023-03-05T11:08:51+00:00 CRITICAL Unclosed '{' on line 408 does not match ')' in /Applications/XAMPP/xamppfiles/htdocs/vinhammer/wp-content/themes/kadence-child/functions.php on line 420

2023-03-05T14:01:41+00:00 CRITICAL Uncaught Error: Call to a member function get_uwa_auction_start_price() on null in /Applications/XAMPP/xamppfiles/htdocs/vinhammer/wp-content/themes/kadence-child/functions.php:624
Stack trace:
#0 /Applications/XAMPP/xamppfiles/htdocs/vinhammer/wp-includes/shortcodes.php(355): home_featured_action_func('', '', 'home_featured_a...')
#1 [internal function]: do_shortcode_tag(Array)
#2 /Applications/XAMPP/xamppfiles/htdocs/vinhammer/wp-includes/shortcodes.php(227): preg_replace_callback('/\\[(\\[?)(auctio...', 'do_shortcode_ta...', '<div class="kb-...')
#3 /Applications/XAMPP/xamppfiles/htdocs/vinhammer/wp-includes/class-wp-hook.php(308): do_shortcode('<div class="kb-...')
#4 /Applications/XAMPP/xamppfiles/htdocs/vinhammer/wp-includes/plugin.php(205): WP_Hook->apply_filters('<div class="kb-...', Array)
#5 /Applications/XAMPP/xamppfiles/htdocs/vinhammer/wp-includes/post-template.php(255): apply_filters('the_content', '<!-- wp:kadence...')
#6 /Applications/XAMPP/xamppfiles/htdocs/vinhammer/wp-content/themes/kadence/template-parts/content/entry_content.php(16): the_content('Continue readin...')
#7 /Applications/XAMPP/xamppfiles/htdocs/vinhammer/wp-includes/template.php(785): require('/Applications/X...')
#8 /Applications/XAMPP/xamppfiles/htdocs/vinhammer/wp-includes/template.php(718): load_template('/Applications/X...', false, Array)
#9 /Applications/XAMPP/xamppfiles/htdocs/vinhammer/wp-includes/general-template.php(204): locate_template(Array, true, false, Array)
#10 /Applications/XAMPP/xamppfiles/htdocs/vinhammer/wp-content/themes/kadence/template-parts/content/single-entry.php(28): get_template_part('template-parts/...', 'page')
#11 /Applications/XAMPP/xamppfiles/htdocs/vinhammer/wp-includes/template.php(785): require('/Applications/X...')
#12 /Applications/XAMPP/xamppfiles/htdocs/vinhammer/wp-includes/template.php(718): load_template('/Applications/X...', false, Array)
#13 /Applications/XAMPP/xamppfiles/htdocs/vinhammer/wp-includes/general-template.php(204): locate_template(Array, true, false, Array)
#14 /Applications/XAMPP/xamppfiles/htdocs/vinhammer/wp-content/themes/kadence/inc/template-functions/single-functions.php(27): get_template_part('template-parts/...', 'page')
#15 /Applications/XAMPP/xamppfiles/htdocs/vinhammer/wp-includes/class-wp-hook.php(308): Kadence\single_content('')
#16 /Applications/XAMPP/xamppfiles/htdocs/vinhammer/wp-includes/class-wp-hook.php(332): WP_Hook->apply_filters('', Array)
#17 /Applications/XAMPP/xamppfiles/htdocs/vinhammer/wp-includes/plugin.php(517): WP_Hook->do_action(Array)
#18 /Applications/XAMPP/xamppfiles/htdocs/vinhammer/wp-content/themes/kadence/template-parts/content/single.php(34): do_action('kadence_single_...')
#19 /Applications/XAMPP/xamppfiles/htdocs/vinhammer/wp-includes/template.php(785): require('/Applications/X...')
#20 /Applications/XAMPP/xamppfiles/htdocs/vinhammer/wp-includes/template.php(718): load_template('/Applications/X...', false, Array)
#21 /Applications/XAMPP/xamppfiles/htdocs/vinhammer/wp-includes/general-template.php(204): locate_template(Array, true, false, Array)
#22 /Applications/XAMPP/xamppfiles/htdocs/vinhammer/wp-content/themes/kadence/inc/template-functions/single-functions.php(20): get_template_part('template-parts/...', 'page')
#23 /Applications/XAMPP/xamppfiles/htdocs/vinhammer/wp-includes/class-wp-hook.php(308): Kadence\single_markup('')
#24 /Applications/XAMPP/xamppfiles/htdocs/vinhammer/wp-includes/class-wp-hook.php(332): WP_Hook->apply_filters('', Array)
#25 /Applications/XAMPP/xamppfiles/htdocs/vinhammer/wp-includes/plugin.php(517): WP_Hook->do_action(Array)
#26 /Applications/XAMPP/xamppfiles/htdocs/vinhammer/wp-content/themes/kadence/page.php(20): do_action('kadence_single')
#27 /Applications/XAMPP/xamppfiles/htdocs/vinhammer/wp-includes/template-loader.php(106): include('/Applications/X...')
#28 /Applications/XAMPP/xamppfiles/htdocs/vinhammer/wp-blog-header.php(19): require_once('/Applications/X...')
#29 /Applications/XAMPP/xamppfiles/htdocs/vinhammer/index.php(17): require('/Applications/X...')
#30 {main}
  thrown in /Applications/XAMPP/xamppfiles/htdocs/vinhammer/wp-content/themes/kadence-child/functions.php on line 624

2023-03-05T14:03:34+00:00 CRITICAL Uncaught Error: Call to undefined function get_uwa_auction_start_price() in /Applications/XAMPP/xamppfiles/htdocs/vinhammer/wp-content/themes/kadence-child/functions.php:624
Stack trace:
#0 /Applications/XAMPP/xamppfiles/htdocs/vinhammer/wp-includes/shortcodes.php(355): home_featured_action_func('', '', 'home_featured_a...')
#1 [internal function]: do_shortcode_tag(Array)
#2 /Applications/XAMPP/xamppfiles/htdocs/vinhammer/wp-includes/shortcodes.php(227): preg_replace_callback('/\\[(\\[?)(auctio...', 'do_shortcode_ta...', '<div class="kb-...')
#3 /Applications/XAMPP/xamppfiles/htdocs/vinhammer/wp-includes/class-wp-hook.php(308): do_shortcode('<div class="kb-...')
#4 /Applications/XAMPP/xamppfiles/htdocs/vinhammer/wp-includes/plugin.php(205): WP_Hook->apply_filters('<div class="kb-...', Array)
#5 /Applications/XAMPP/xamppfiles/htdocs/vinhammer/wp-includes/post-template.php(255): apply_filters('the_content', '<!-- wp:kadence...')
#6 /Applications/XAMPP/xamppfiles/htdocs/vinhammer/wp-content/themes/kadence/template-parts/content/entry_content.php(16): the_content('Continue readin...')
#7 /Applications/XAMPP/xamppfiles/htdocs/vinhammer/wp-includes/template.php(785): require('/Applications/X...')
#8 /Applications/XAMPP/xamppfiles/htdocs/vinhammer/wp-includes/template.php(718): load_template('/Applications/X...', false, Array)
#9 /Applications/XAMPP/xamppfiles/htdocs/vinhammer/wp-includes/general-template.php(204): locate_template(Array, true, false, Array)
#10 /Applications/XAMPP/xamppfiles/htdocs/vinhammer/wp-content/themes/kadence/template-parts/content/single-entry.php(28): get_template_part('template-parts/...', 'page')
#11 /Applications/XAMPP/xamppfiles/htdocs/vinhammer/wp-includes/template.php(785): require('/Applications/X...')
#12 /Applications/XAMPP/xamppfiles/htdocs/vinhammer/wp-includes/template.php(718): load_template('/Applications/X...', false, Array)
#13 /Applications/XAMPP/xamppfiles/htdocs/vinhammer/wp-includes/general-template.php(204): locate_template(Array, true, false, Array)
#14 /Applications/XAMPP/xamppfiles/htdocs/vinhammer/wp-content/themes/kadence/inc/template-functions/single-functions.php(27): get_template_part('template-parts/...', 'page')
#15 /Applications/XAMPP/xamppfiles/htdocs/vinhammer/wp-includes/class-wp-hook.php(308): Kadence\single_content('')
#16 /Applications/XAMPP/xamppfiles/htdocs/vinhammer/wp-includes/class-wp-hook.php(332): WP_Hook->apply_filters('', Array)
#17 /Applications/XAMPP/xamppfiles/htdocs/vinhammer/wp-includes/plugin.php(517): WP_Hook->do_action(Array)
#18 /Applications/XAMPP/xamppfiles/htdocs/vinhammer/wp-content/themes/kadence/template-parts/content/single.php(34): do_action('kadence_single_...')
#19 /Applications/XAMPP/xamppfiles/htdocs/vinhammer/wp-includes/template.php(785): require('/Applications/X...')
#20 /Applications/XAMPP/xamppfiles/htdocs/vinhammer/wp-includes/template.php(718): load_template('/Applications/X...', false, Array)
#21 /Applications/XAMPP/xamppfiles/htdocs/vinhammer/wp-includes/general-template.php(204): locate_template(Array, true, false, Array)
#22 /Applications/XAMPP/xamppfiles/htdocs/vinhammer/wp-content/themes/kadence/inc/template-functions/single-functions.php(20): get_template_part('template-parts/...', 'page')
#23 /Applications/XAMPP/xamppfiles/htdocs/vinhammer/wp-includes/class-wp-hook.php(308): Kadence\single_markup('')
#24 /Applications/XAMPP/xamppfiles/htdocs/vinhammer/wp-includes/class-wp-hook.php(332): WP_Hook->apply_filters('', Array)
#25 /Applications/XAMPP/xamppfiles/htdocs/vinhammer/wp-includes/plugin.php(517): WP_Hook->do_action(Array)
#26 /Applications/XAMPP/xamppfiles/htdocs/vinhammer/wp-content/themes/kadence/page.php(20): do_action('kadence_single')
#27 /Applications/XAMPP/xamppfiles/htdocs/vinhammer/wp-includes/template-loader.php(106): include('/Applications/X...')
#28 /Applications/XAMPP/xamppfiles/htdocs/vinhammer/wp-blog-header.php(19): require_once('/Applications/X...')
#29 /Applications/XAMPP/xamppfiles/htdocs/vinhammer/index.php(17): require('/Applications/X...')
#30 {main}
  thrown in /Applications/XAMPP/xamppfiles/htdocs/vinhammer/wp-content/themes/kadence-child/functions.php on line 624

2023-03-05T14:04:14+00:00 CRITICAL Uncaught Error: Call to undefined function get_uwa_auction_start_price() in /Applications/XAMPP/xamppfiles/htdocs/vinhammer/wp-content/themes/kadence-child/functions.php:624
Stack trace:
#0 /Applications/XAMPP/xamppfiles/htdocs/vinhammer/wp-includes/shortcodes.php(355): home_featured_action_func('', '', 'home_featured_a...')
#1 [internal function]: do_shortcode_tag(Array)
#2 /Applications/XAMPP/xamppfiles/htdocs/vinhammer/wp-includes/shortcodes.php(227): preg_replace_callback('/\\[(\\[?)(auctio...', 'do_shortcode_ta...', '<div class="kb-...')
#3 /Applications/XAMPP/xamppfiles/htdocs/vinhammer/wp-includes/class-wp-hook.php(308): do_shortcode('<div class="kb-...')
#4 /Applications/XAMPP/xamppfiles/htdocs/vinhammer/wp-includes/plugin.php(205): WP_Hook->apply_filters('<div class="kb-...', Array)
#5 /Applications/XAMPP/xamppfiles/htdocs/vinhammer/wp-includes/post-template.php(255): apply_filters('the_content', '<!-- wp:kadence...')
#6 /Applications/XAMPP/xamppfiles/htdocs/vinhammer/wp-content/themes/kadence/template-parts/content/entry_content.php(16): the_content('Continue readin...')
#7 /Applications/XAMPP/xamppfiles/htdocs/vinhammer/wp-includes/template.php(785): require('/Applications/X...')
#8 /Applications/XAMPP/xamppfiles/htdocs/vinhammer/wp-includes/template.php(718): load_template('/Applications/X...', false, Array)
#9 /Applications/XAMPP/xamppfiles/htdocs/vinhammer/wp-includes/general-template.php(204): locate_template(Array, true, false, Array)
#10 /Applications/XAMPP/xamppfiles/htdocs/vinhammer/wp-content/themes/kadence/template-parts/content/single-entry.php(28): get_template_part('template-parts/...', 'page')
#11 /Applications/XAMPP/xamppfiles/htdocs/vinhammer/wp-includes/template.php(785): require('/Applications/X...')
#12 /Applications/XAMPP/xamppfiles/htdocs/vinhammer/wp-includes/template.php(718): load_template('/Applications/X...', false, Array)
#13 /Applications/XAMPP/xamppfiles/htdocs/vinhammer/wp-includes/general-template.php(204): locate_template(Array, true, false, Array)
#14 /Applications/XAMPP/xamppfiles/htdocs/vinhammer/wp-content/themes/kadence/inc/template-functions/single-functions.php(27): get_template_part('template-parts/...', 'page')
#15 /Applications/XAMPP/xamppfiles/htdocs/vinhammer/wp-includes/class-wp-hook.php(308): Kadence\single_content('')
#16 /Applications/XAMPP/xamppfiles/htdocs/vinhammer/wp-includes/class-wp-hook.php(332): WP_Hook->apply_filters('', Array)
#17 /Applications/XAMPP/xamppfiles/htdocs/vinhammer/wp-includes/plugin.php(517): WP_Hook->do_action(Array)
#18 /Applications/XAMPP/xamppfiles/htdocs/vinhammer/wp-content/themes/kadence/template-parts/content/single.php(34): do_action('kadence_single_...')
#19 /Applications/XAMPP/xamppfiles/htdocs/vinhammer/wp-includes/template.php(785): require('/Applications/X...')
#20 /Applications/XAMPP/xamppfiles/htdocs/vinhammer/wp-includes/template.php(718): load_template('/Applications/X...', false, Array)
#21 /Applications/XAMPP/xamppfiles/htdocs/vinhammer/wp-includes/general-template.php(204): locate_template(Array, true, false, Array)
#22 /Applications/XAMPP/xamppfiles/htdocs/vinhammer/wp-content/themes/kadence/inc/template-functions/single-functions.php(20): get_template_part('template-parts/...', 'page')
#23 /Applications/XAMPP/xamppfiles/htdocs/vinhammer/wp-includes/class-wp-hook.php(308): Kadence\single_markup('')
#24 /Applications/XAMPP/xamppfiles/htdocs/vinhammer/wp-includes/class-wp-hook.php(332): WP_Hook->apply_filters('', Array)
#25 /Applications/XAMPP/xamppfiles/htdocs/vinhammer/wp-includes/plugin.php(517): WP_Hook->do_action(Array)
#26 /Applications/XAMPP/xamppfiles/htdocs/vinhammer/wp-content/themes/kadence/page.php(20): do_action('kadence_single')
#27 /Applications/XAMPP/xamppfiles/htdocs/vinhammer/wp-includes/template-loader.php(106): include('/Applications/X...')
#28 /Applications/XAMPP/xamppfiles/htdocs/vinhammer/wp-blog-header.php(19): require_once('/Applications/X...')
#29 /Applications/XAMPP/xamppfiles/htdocs/vinhammer/index.php(17): require('/Applications/X...')
#30 {main}
  thrown in /Applications/XAMPP/xamppfiles/htdocs/vinhammer/wp-content/themes/kadence-child/functions.php on line 624

2023-03-05T14:04:37+00:00 CRITICAL Uncaught Error: Call to undefined function get_uwa_auction_start_price() in /Applications/XAMPP/xamppfiles/htdocs/vinhammer/wp-content/themes/kadence-child/functions.php:624
Stack trace:
#0 /Applications/XAMPP/xamppfiles/htdocs/vinhammer/wp-includes/shortcodes.php(355): home_featured_action_func('', '', 'home_featured_a...')
#1 [internal function]: do_shortcode_tag(Array)
#2 /Applications/XAMPP/xamppfiles/htdocs/vinhammer/wp-includes/shortcodes.php(227): preg_replace_callback('/\\[(\\[?)(auctio...', 'do_shortcode_ta...', '<div class="kb-...')
#3 /Applications/XAMPP/xamppfiles/htdocs/vinhammer/wp-includes/class-wp-hook.php(308): do_shortcode('<div class="kb-...')
#4 /Applications/XAMPP/xamppfiles/htdocs/vinhammer/wp-includes/plugin.php(205): WP_Hook->apply_filters('<div class="kb-...', Array)
#5 /Applications/XAMPP/xamppfiles/htdocs/vinhammer/wp-includes/post-template.php(255): apply_filters('the_content', '<!-- wp:kadence...')
#6 /Applications/XAMPP/xamppfiles/htdocs/vinhammer/wp-content/themes/kadence/template-parts/content/entry_content.php(16): the_content('Continue readin...')
#7 /Applications/XAMPP/xamppfiles/htdocs/vinhammer/wp-includes/template.php(785): require('/Applications/X...')
#8 /Applications/XAMPP/xamppfiles/htdocs/vinhammer/wp-includes/template.php(718): load_template('/Applications/X...', false, Array)
#9 /Applications/XAMPP/xamppfiles/htdocs/vinhammer/wp-includes/general-template.php(204): locate_template(Array, true, false, Array)
#10 /Applications/XAMPP/xamppfiles/htdocs/vinhammer/wp-content/themes/kadence/template-parts/content/single-entry.php(28): get_template_part('template-parts/...', 'page')
#11 /Applications/XAMPP/xamppfiles/htdocs/vinhammer/wp-includes/template.php(785): require('/Applications/X...')
#12 /Applications/XAMPP/xamppfiles/htdocs/vinhammer/wp-includes/template.php(718): load_template('/Applications/X...', false, Array)
#13 /Applications/XAMPP/xamppfiles/htdocs/vinhammer/wp-includes/general-template.php(204): locate_template(Array, true, false, Array)
#14 /Applications/XAMPP/xamppfiles/htdocs/vinhammer/wp-content/themes/kadence/inc/template-functions/single-functions.php(27): get_template_part('template-parts/...', 'page')
#15 /Applications/XAMPP/xamppfiles/htdocs/vinhammer/wp-includes/class-wp-hook.php(308): Kadence\single_content('')
#16 /Applications/XAMPP/xamppfiles/htdocs/vinhammer/wp-includes/class-wp-hook.php(332): WP_Hook->apply_filters('', Array)
#17 /Applications/XAMPP/xamppfiles/htdocs/vinhammer/wp-includes/plugin.php(517): WP_Hook->do_action(Array)
#18 /Applications/XAMPP/xamppfiles/htdocs/vinhammer/wp-content/themes/kadence/template-parts/content/single.php(34): do_action('kadence_single_...')
#19 /Applications/XAMPP/xamppfiles/htdocs/vinhammer/wp-includes/template.php(785): require('/Applications/X...')
#20 /Applications/XAMPP/xamppfiles/htdocs/vinhammer/wp-includes/template.php(718): load_template('/Applications/X...', false, Array)
#21 /Applications/XAMPP/xamppfiles/htdocs/vinhammer/wp-includes/general-template.php(204): locate_template(Array, true, false, Array)
#22 /Applications/XAMPP/xamppfiles/htdocs/vinhammer/wp-content/themes/kadence/inc/template-functions/single-functions.php(20): get_template_part('template-parts/...', 'page')
#23 /Applications/XAMPP/xamppfiles/htdocs/vinhammer/wp-includes/class-wp-hook.php(308): Kadence\single_markup('')
#24 /Applications/XAMPP/xamppfiles/htdocs/vinhammer/wp-includes/class-wp-hook.php(332): WP_Hook->apply_filters('', Array)
#25 /Applications/XAMPP/xamppfiles/htdocs/vinhammer/wp-includes/plugin.php(517): WP_Hook->do_action(Array)
#26 /Applications/XAMPP/xamppfiles/htdocs/vinhammer/wp-content/themes/kadence/page.php(20): do_action('kadence_single')
#27 /Applications/XAMPP/xamppfiles/htdocs/vinhammer/wp-includes/template-loader.php(106): include('/Applications/X...')
#28 /Applications/XAMPP/xamppfiles/htdocs/vinhammer/wp-blog-header.php(19): require_once('/Applications/X...')
#29 /Applications/XAMPP/xamppfiles/htdocs/vinhammer/index.php(17): require('/Applications/X...')
#30 {main}
  thrown in /Applications/XAMPP/xamppfiles/htdocs/vinhammer/wp-content/themes/kadence-child/functions.php on line 624

2023-03-05T14:04:49+00:00 CRITICAL Uncaught Error: Call to a member function get_uwa_auction_start_price() on null in /Applications/XAMPP/xamppfiles/htdocs/vinhammer/wp-content/themes/kadence-child/functions.php:624
Stack trace:
#0 /Applications/XAMPP/xamppfiles/htdocs/vinhammer/wp-includes/shortcodes.php(355): home_featured_action_func('', '', 'home_featured_a...')
#1 [internal function]: do_shortcode_tag(Array)
#2 /Applications/XAMPP/xamppfiles/htdocs/vinhammer/wp-includes/shortcodes.php(227): preg_replace_callback('/\\[(\\[?)(auctio...', 'do_shortcode_ta...', '<div class="kb-...')
#3 /Applications/XAMPP/xamppfiles/htdocs/vinhammer/wp-includes/class-wp-hook.php(308): do_shortcode('<div class="kb-...')
#4 /Applications/XAMPP/xamppfiles/htdocs/vinhammer/wp-includes/plugin.php(205): WP_Hook->apply_filters('<div class="kb-...', Array)
#5 /Applications/XAMPP/xamppfiles/htdocs/vinhammer/wp-includes/post-template.php(255): apply_filters('the_content', '<!-- wp:kadence...')
#6 /Applications/XAMPP/xamppfiles/htdocs/vinhammer/wp-content/themes/kadence/template-parts/content/entry_content.php(16): the_content('Continue readin...')
#7 /Applications/XAMPP/xamppfiles/htdocs/vinhammer/wp-includes/template.php(785): require('/Applications/X...')
#8 /Applications/XAMPP/xamppfiles/htdocs/vinhammer/wp-includes/template.php(718): load_template('/Applications/X...', false, Array)
#9 /Applications/XAMPP/xamppfiles/htdocs/vinhammer/wp-includes/general-template.php(204): locate_template(Array, true, false, Array)
#10 /Applications/XAMPP/xamppfiles/htdocs/vinhammer/wp-content/themes/kadence/template-parts/content/single-entry.php(28): get_template_part('template-parts/...', 'page')
#11 /Applications/XAMPP/xamppfiles/htdocs/vinhammer/wp-includes/template.php(785): require('/Applications/X...')
#12 /Applications/XAMPP/xamppfiles/htdocs/vinhammer/wp-includes/template.php(718): load_template('/Applications/X...', false, Array)
#13 /Applications/XAMPP/xamppfiles/htdocs/vinhammer/wp-includes/general-template.php(204): locate_template(Array, true, false, Array)
#14 /Applications/XAMPP/xamppfiles/htdocs/vinhammer/wp-content/themes/kadence/inc/template-functions/single-functions.php(27): get_template_part('template-parts/...', 'page')
#15 /Applications/XAMPP/xamppfiles/htdocs/vinhammer/wp-includes/class-wp-hook.php(308): Kadence\single_content('')
#16 /Applications/XAMPP/xamppfiles/htdocs/vinhammer/wp-includes/class-wp-hook.php(332): WP_Hook->apply_filters('', Array)
#17 /Applications/XAMPP/xamppfiles/htdocs/vinhammer/wp-includes/plugin.php(517): WP_Hook->do_action(Array)
#18 /Applications/XAMPP/xamppfiles/htdocs/vinhammer/wp-content/themes/kadence/template-parts/content/single.php(34): do_action('kadence_single_...')
#19 /Applications/XAMPP/xamppfiles/htdocs/vinhammer/wp-includes/template.php(785): require('/Applications/X...')
#20 /Applications/XAMPP/xamppfiles/htdocs/vinhammer/wp-includes/template.php(718): load_template('/Applications/X...', false, Array)
#21 /Applications/XAMPP/xamppfiles/htdocs/vinhammer/wp-includes/general-template.php(204): locate_template(Array, true, false, Array)
#22 /Applications/XAMPP/xamppfiles/htdocs/vinhammer/wp-content/themes/kadence/inc/template-functions/single-functions.php(20): get_template_part('template-parts/...', 'page')
#23 /Applications/XAMPP/xamppfiles/htdocs/vinhammer/wp-includes/class-wp-hook.php(308): Kadence\single_markup('')
#24 /Applications/XAMPP/xamppfiles/htdocs/vinhammer/wp-includes/class-wp-hook.php(332): WP_Hook->apply_filters('', Array)
#25 /Applications/XAMPP/xamppfiles/htdocs/vinhammer/wp-includes/plugin.php(517): WP_Hook->do_action(Array)
#26 /Applications/XAMPP/xamppfiles/htdocs/vinhammer/wp-content/themes/kadence/page.php(20): do_action('kadence_single')
#27 /Applications/XAMPP/xamppfiles/htdocs/vinhammer/wp-includes/template-loader.php(106): include('/Applications/X...')
#28 /Applications/XAMPP/xamppfiles/htdocs/vinhammer/wp-blog-header.php(19): require_once('/Applications/X...')
#29 /Applications/XAMPP/xamppfiles/htdocs/vinhammer/index.php(17): require('/Applications/X...')
#30 {main}
  thrown in /Applications/XAMPP/xamppfiles/htdocs/vinhammer/wp-content/themes/kadence-child/functions.php on line 624

2023-03-05T14:04:56+00:00 CRITICAL Uncaught Error: Call to a member function get_uwa_auction_start_price() on null in /Applications/XAMPP/xamppfiles/htdocs/vinhammer/wp-content/themes/kadence-child/functions.php:624
Stack trace:
#0 /Applications/XAMPP/xamppfiles/htdocs/vinhammer/wp-includes/shortcodes.php(355): home_featured_action_func('', '', 'home_featured_a...')
#1 [internal function]: do_shortcode_tag(Array)
#2 /Applications/XAMPP/xamppfiles/htdocs/vinhammer/wp-includes/shortcodes.php(227): preg_replace_callback('/\\[(\\[?)(auctio...', 'do_shortcode_ta...', '<div class="kb-...')
#3 /Applications/XAMPP/xamppfiles/htdocs/vinhammer/wp-includes/class-wp-hook.php(308): do_shortcode('<div class="kb-...')
#4 /Applications/XAMPP/xamppfiles/htdocs/vinhammer/wp-includes/plugin.php(205): WP_Hook->apply_filters('<div class="kb-...', Array)
#5 /Applications/XAMPP/xamppfiles/htdocs/vinhammer/wp-includes/post-template.php(255): apply_filters('the_content', '<!-- wp:kadence...')
#6 /Applications/XAMPP/xamppfiles/htdocs/vinhammer/wp-content/themes/kadence/template-parts/content/entry_content.php(16): the_content('Continue readin...')
#7 /Applications/XAMPP/xamppfiles/htdocs/vinhammer/wp-includes/template.php(785): require('/Applications/X...')
#8 /Applications/XAMPP/xamppfiles/htdocs/vinhammer/wp-includes/template.php(718): load_template('/Applications/X...', false, Array)
#9 /Applications/XAMPP/xamppfiles/htdocs/vinhammer/wp-includes/general-template.php(204): locate_template(Array, true, false, Array)
#10 /Applications/XAMPP/xamppfiles/htdocs/vinhammer/wp-content/themes/kadence/template-parts/content/single-entry.php(28): get_template_part('template-parts/...', 'page')
#11 /Applications/XAMPP/xamppfiles/htdocs/vinhammer/wp-includes/template.php(785): require('/Applications/X...')
#12 /Applications/XAMPP/xamppfiles/htdocs/vinhammer/wp-includes/template.php(718): load_template('/Applications/X...', false, Array)
#13 /Applications/XAMPP/xamppfiles/htdocs/vinhammer/wp-includes/general-template.php(204): locate_template(Array, true, false, Array)
#14 /Applications/XAMPP/xamppfiles/htdocs/vinhammer/wp-content/themes/kadence/inc/template-functions/single-functions.php(27): get_template_part('template-parts/...', 'page')
#15 /Applications/XAMPP/xamppfiles/htdocs/vinhammer/wp-includes/class-wp-hook.php(308): Kadence\single_content('')
#16 /Applications/XAMPP/xamppfiles/htdocs/vinhammer/wp-includes/class-wp-hook.php(332): WP_Hook->apply_filters('', Array)
#17 /Applications/XAMPP/xamppfiles/htdocs/vinhammer/wp-includes/plugin.php(517): WP_Hook->do_action(Array)
#18 /Applications/XAMPP/xamppfiles/htdocs/vinhammer/wp-content/themes/kadence/template-parts/content/single.php(34): do_action('kadence_single_...')
#19 /Applications/XAMPP/xamppfiles/htdocs/vinhammer/wp-includes/template.php(785): require('/Applications/X...')
#20 /Applications/XAMPP/xamppfiles/htdocs/vinhammer/wp-includes/template.php(718): load_template('/Applications/X...', false, Array)
#21 /Applications/XAMPP/xamppfiles/htdocs/vinhammer/wp-includes/general-template.php(204): locate_template(Array, true, false, Array)
#22 /Applications/XAMPP/xamppfiles/htdocs/vinhammer/wp-content/themes/kadence/inc/template-functions/single-functions.php(20): get_template_part('template-parts/...', 'page')
#23 /Applications/XAMPP/xamppfiles/htdocs/vinhammer/wp-includes/class-wp-hook.php(308): Kadence\single_markup('')
#24 /Applications/XAMPP/xamppfiles/htdocs/vinhammer/wp-includes/class-wp-hook.php(332): WP_Hook->apply_filters('', Array)
#25 /Applications/XAMPP/xamppfiles/htdocs/vinhammer/wp-includes/plugin.php(517): WP_Hook->do_action(Array)
#26 /Applications/XAMPP/xamppfiles/htdocs/vinhammer/wp-content/themes/kadence/page.php(20): do_action('kadence_single')
#27 /Applications/XAMPP/xamppfiles/htdocs/vinhammer/wp-includes/template-loader.php(106): include('/Applications/X...')
#28 /Applications/XAMPP/xamppfiles/htdocs/vinhammer/wp-blog-header.php(19): require_once('/Applications/X...')
#29 /Applications/XAMPP/xamppfiles/htdocs/vinhammer/index.php(17): require('/Applications/X...')
#30 {main}
  thrown in /Applications/XAMPP/xamppfiles/htdocs/vinhammer/wp-content/themes/kadence-child/functions.php on line 624

2023-03-05T14:05:46+00:00 CRITICAL syntax error, unexpected variable "$args", expecting "," or ";" in /Applications/XAMPP/xamppfiles/htdocs/vinhammer/wp-content/themes/kadence-child/functions.php on line 577

2023-03-05T14:06:01+00:00 CRITICAL syntax error, unexpected variable "$args", expecting "," or ";" in /Applications/XAMPP/xamppfiles/htdocs/vinhammer/wp-content/themes/kadence-child/functions.php on line 577

2023-03-05T14:06:38+00:00 CRITICAL syntax error, unexpected variable "$args", expecting "," or ";" in /Applications/XAMPP/xamppfiles/htdocs/vinhammer/wp-content/themes/kadence-child/functions.php on line 577

2023-03-05T14:06:40+00:00 CRITICAL syntax error, unexpected variable "$args", expecting "," or ";" in /Applications/XAMPP/xamppfiles/htdocs/vinhammer/wp-content/themes/kadence-child/functions.php on line 577

2023-03-05T14:06:42+00:00 CRITICAL syntax error, unexpected variable "$args", expecting "," or ";" in /Applications/XAMPP/xamppfiles/htdocs/vinhammer/wp-content/themes/kadence-child/functions.php on line 577

2023-03-05T14:09:52+00:00 CRITICAL syntax error, unexpected variable "$product", expecting "," or ";" in /Applications/XAMPP/xamppfiles/htdocs/vinhammer/wp-content/themes/kadence-child/functions.php on line 575

2023-03-05T14:10:41+00:00 CRITICAL Uncaught Error: Call to a member function get_uwa_auction_start_price() on null in /Applications/XAMPP/xamppfiles/htdocs/vinhammer/wp-content/themes/kadence-child/functions.php:624
Stack trace:
#0 /Applications/XAMPP/xamppfiles/htdocs/vinhammer/wp-includes/shortcodes.php(355): home_featured_action_func('', '', 'home_featured_a...')
#1 [internal function]: do_shortcode_tag(Array)
#2 /Applications/XAMPP/xamppfiles/htdocs/vinhammer/wp-includes/shortcodes.php(227): preg_replace_callback('/\\[(\\[?)(auctio...', 'do_shortcode_ta...', '<div class="kb-...')
#3 /Applications/XAMPP/xamppfiles/htdocs/vinhammer/wp-includes/class-wp-hook.php(308): do_shortcode('<div class="kb-...')
#4 /Applications/XAMPP/xamppfiles/htdocs/vinhammer/wp-includes/plugin.php(205): WP_Hook->apply_filters('<div class="kb-...', Array)
#5 /Applications/XAMPP/xamppfiles/htdocs/vinhammer/wp-includes/post-template.php(255): apply_filters('the_content', '<!-- wp:kadence...')
#6 /Applications/XAMPP/xamppfiles/htdocs/vinhammer/wp-content/themes/kadence/template-parts/content/entry_content.php(16): the_content('Continue readin...')
#7 /Applications/XAMPP/xamppfiles/htdocs/vinhammer/wp-includes/template.php(785): require('/Applications/X...')
#8 /Applications/XAMPP/xamppfiles/htdocs/vinhammer/wp-includes/template.php(718): load_template('/Applications/X...', false, Array)
#9 /Applications/XAMPP/xamppfiles/htdocs/vinhammer/wp-includes/general-template.php(204): locate_template(Array, true, false, Array)
#10 /Applications/XAMPP/xamppfiles/htdocs/vinhammer/wp-content/themes/kadence/template-parts/content/single-entry.php(28): get_template_part('template-parts/...', 'page')
#11 /Applications/XAMPP/xamppfiles/htdocs/vinhammer/wp-includes/template.php(785): require('/Applications/X...')
#12 /Applications/XAMPP/xamppfiles/htdocs/vinhammer/wp-includes/template.php(718): load_template('/Applications/X...', false, Array)
#13 /Applications/XAMPP/xamppfiles/htdocs/vinhammer/wp-includes/general-template.php(204): locate_template(Array, true, false, Array)
#14 /Applications/XAMPP/xamppfiles/htdocs/vinhammer/wp-content/themes/kadence/inc/template-functions/single-functions.php(27): get_template_part('template-parts/...', 'page')
#15 /Applications/XAMPP/xamppfiles/htdocs/vinhammer/wp-includes/class-wp-hook.php(308): Kadence\single_content('')
#16 /Applications/XAMPP/xamppfiles/htdocs/vinhammer/wp-includes/class-wp-hook.php(332): WP_Hook->apply_filters('', Array)
#17 /Applications/XAMPP/xamppfiles/htdocs/vinhammer/wp-includes/plugin.php(517): WP_Hook->do_action(Array)
#18 /Applications/XAMPP/xamppfiles/htdocs/vinhammer/wp-content/themes/kadence/template-parts/content/single.php(34): do_action('kadence_single_...')
#19 /Applications/XAMPP/xamppfiles/htdocs/vinhammer/wp-includes/template.php(785): require('/Applications/X...')
#20 /Applications/XAMPP/xamppfiles/htdocs/vinhammer/wp-includes/template.php(718): load_template('/Applications/X...', false, Array)
#21 /Applications/XAMPP/xamppfiles/htdocs/vinhammer/wp-includes/general-template.php(204): locate_template(Array, true, false, Array)
#22 /Applications/XAMPP/xamppfiles/htdocs/vinhammer/wp-content/themes/kadence/inc/template-functions/single-functions.php(20): get_template_part('template-parts/...', 'page')
#23 /Applications/XAMPP/xamppfiles/htdocs/vinhammer/wp-includes/class-wp-hook.php(308): Kadence\single_markup('')
#24 /Applications/XAMPP/xamppfiles/htdocs/vinhammer/wp-includes/class-wp-hook.php(332): WP_Hook->apply_filters('', Array)
#25 /Applications/XAMPP/xamppfiles/htdocs/vinhammer/wp-includes/plugin.php(517): WP_Hook->do_action(Array)
#26 /Applications/XAMPP/xamppfiles/htdocs/vinhammer/wp-content/themes/kadence/page.php(20): do_action('kadence_single')
#27 /Applications/XAMPP/xamppfiles/htdocs/vinhammer/wp-includes/template-loader.php(106): include('/Applications/X...')
#28 /Applications/XAMPP/xamppfiles/htdocs/vinhammer/wp-blog-header.php(19): require_once('/Applications/X...')
#29 /Applications/XAMPP/xamppfiles/htdocs/vinhammer/index.php(17): require('/Applications/X...')
#30 {main}
  thrown in /Applications/XAMPP/xamppfiles/htdocs/vinhammer/wp-content/themes/kadence-child/functions.php on line 624

2023-03-05T14:10:46+00:00 CRITICAL Uncaught Error: Call to a member function get_uwa_auction_start_price() on null in /Applications/XAMPP/xamppfiles/htdocs/vinhammer/wp-content/themes/kadence-child/functions.php:624
Stack trace:
#0 /Applications/XAMPP/xamppfiles/htdocs/vinhammer/wp-includes/shortcodes.php(355): home_featured_action_func('', '', 'home_featured_a...')
#1 [internal function]: do_shortcode_tag(Array)
#2 /Applications/XAMPP/xamppfiles/htdocs/vinhammer/wp-includes/shortcodes.php(227): preg_replace_callback('/\\[(\\[?)(auctio...', 'do_shortcode_ta...', '<div class="kb-...')
#3 /Applications/XAMPP/xamppfiles/htdocs/vinhammer/wp-includes/class-wp-hook.php(308): do_shortcode('<div class="kb-...')
#4 /Applications/XAMPP/xamppfiles/htdocs/vinhammer/wp-includes/plugin.php(205): WP_Hook->apply_filters('<div class="kb-...', Array)
#5 /Applications/XAMPP/xamppfiles/htdocs/vinhammer/wp-includes/post-template.php(255): apply_filters('the_content', '<!-- wp:kadence...')
#6 /Applications/XAMPP/xamppfiles/htdocs/vinhammer/wp-content/themes/kadence/template-parts/content/entry_content.php(16): the_content('Continue readin...')
#7 /Applications/XAMPP/xamppfiles/htdocs/vinhammer/wp-includes/template.php(785): require('/Applications/X...')
#8 /Applications/XAMPP/xamppfiles/htdocs/vinhammer/wp-includes/template.php(718): load_template('/Applications/X...', false, Array)
#9 /Applications/XAMPP/xamppfiles/htdocs/vinhammer/wp-includes/general-template.php(204): locate_template(Array, true, false, Array)
#10 /Applications/XAMPP/xamppfiles/htdocs/vinhammer/wp-content/themes/kadence/template-parts/content/single-entry.php(28): get_template_part('template-parts/...', 'page')
#11 /Applications/XAMPP/xamppfiles/htdocs/vinhammer/wp-includes/template.php(785): require('/Applications/X...')
#12 /Applications/XAMPP/xamppfiles/htdocs/vinhammer/wp-includes/template.php(718): load_template('/Applications/X...', false, Array)
#13 /Applications/XAMPP/xamppfiles/htdocs/vinhammer/wp-includes/general-template.php(204): locate_template(Array, true, false, Array)
#14 /Applications/XAMPP/xamppfiles/htdocs/vinhammer/wp-content/themes/kadence/inc/template-functions/single-functions.php(27): get_template_part('template-parts/...', 'page')
#15 /Applications/XAMPP/xamppfiles/htdocs/vinhammer/wp-includes/class-wp-hook.php(308): Kadence\single_content('')
#16 /Applications/XAMPP/xamppfiles/htdocs/vinhammer/wp-includes/class-wp-hook.php(332): WP_Hook->apply_filters('', Array)
#17 /Applications/XAMPP/xamppfiles/htdocs/vinhammer/wp-includes/plugin.php(517): WP_Hook->do_action(Array)
#18 /Applications/XAMPP/xamppfiles/htdocs/vinhammer/wp-content/themes/kadence/template-parts/content/single.php(34): do_action('kadence_single_...')
#19 /Applications/XAMPP/xamppfiles/htdocs/vinhammer/wp-includes/template.php(785): require('/Applications/X...')
#20 /Applications/XAMPP/xamppfiles/htdocs/vinhammer/wp-includes/template.php(718): load_template('/Applications/X...', false, Array)
#21 /Applications/XAMPP/xamppfiles/htdocs/vinhammer/wp-includes/general-template.php(204): locate_template(Array, true, false, Array)
#22 /Applications/XAMPP/xamppfiles/htdocs/vinhammer/wp-content/themes/kadence/inc/template-functions/single-functions.php(20): get_template_part('template-parts/...', 'page')
#23 /Applications/XAMPP/xamppfiles/htdocs/vinhammer/wp-includes/class-wp-hook.php(308): Kadence\single_markup('')
#24 /Applications/XAMPP/xamppfiles/htdocs/vinhammer/wp-includes/class-wp-hook.php(332): WP_Hook->apply_filters('', Array)
#25 /Applications/XAMPP/xamppfiles/htdocs/vinhammer/wp-includes/plugin.php(517): WP_Hook->do_action(Array)
#26 /Applications/XAMPP/xamppfiles/htdocs/vinhammer/wp-content/themes/kadence/page.php(20): do_action('kadence_single')
#27 /Applications/XAMPP/xamppfiles/htdocs/vinhammer/wp-includes/template-loader.php(106): include('/Applications/X...')
#28 /Applications/XAMPP/xamppfiles/htdocs/vinhammer/wp-blog-header.php(19): require_once('/Applications/X...')
#29 /Applications/XAMPP/xamppfiles/htdocs/vinhammer/index.php(17): require('/Applications/X...')
#30 {main}
  thrown in /Applications/XAMPP/xamppfiles/htdocs/vinhammer/wp-content/themes/kadence-child/functions.php on line 624

2023-03-05T14:11:09+00:00 CRITICAL Uncaught Error: Call to undefined function get_uwa_auction_start_price() in /Applications/XAMPP/xamppfiles/htdocs/vinhammer/wp-content/themes/kadence-child/functions.php:624
Stack trace:
#0 /Applications/XAMPP/xamppfiles/htdocs/vinhammer/wp-includes/shortcodes.php(355): home_featured_action_func('', '', 'home_featured_a...')
#1 [internal function]: do_shortcode_tag(Array)
#2 /Applications/XAMPP/xamppfiles/htdocs/vinhammer/wp-includes/shortcodes.php(227): preg_replace_callback('/\\[(\\[?)(auctio...', 'do_shortcode_ta...', '<div class="kb-...')
#3 /Applications/XAMPP/xamppfiles/htdocs/vinhammer/wp-includes/class-wp-hook.php(308): do_shortcode('<div class="kb-...')
#4 /Applications/XAMPP/xamppfiles/htdocs/vinhammer/wp-includes/plugin.php(205): WP_Hook->apply_filters('<div class="kb-...', Array)
#5 /Applications/XAMPP/xamppfiles/htdocs/vinhammer/wp-includes/post-template.php(255): apply_filters('the_content', '<!-- wp:kadence...')
#6 /Applications/XAMPP/xamppfiles/htdocs/vinhammer/wp-content/themes/kadence/template-parts/content/entry_content.php(16): the_content('Continue readin...')
#7 /Applications/XAMPP/xamppfiles/htdocs/vinhammer/wp-includes/template.php(785): require('/Applications/X...')
#8 /Applications/XAMPP/xamppfiles/htdocs/vinhammer/wp-includes/template.php(718): load_template('/Applications/X...', false, Array)
#9 /Applications/XAMPP/xamppfiles/htdocs/vinhammer/wp-includes/general-template.php(204): locate_template(Array, true, false, Array)
#10 /Applications/XAMPP/xamppfiles/htdocs/vinhammer/wp-content/themes/kadence/template-parts/content/single-entry.php(28): get_template_part('template-parts/...', 'page')
#11 /Applications/XAMPP/xamppfiles/htdocs/vinhammer/wp-includes/template.php(785): require('/Applications/X...')
#12 /Applications/XAMPP/xamppfiles/htdocs/vinhammer/wp-includes/template.php(718): load_template('/Applications/X...', false, Array)
#13 /Applications/XAMPP/xamppfiles/htdocs/vinhammer/wp-includes/general-template.php(204): locate_template(Array, true, false, Array)
#14 /Applications/XAMPP/xamppfiles/htdocs/vinhammer/wp-content/themes/kadence/inc/template-functions/single-functions.php(27): get_template_part('template-parts/...', 'page')
#15 /Applications/XAMPP/xamppfiles/htdocs/vinhammer/wp-includes/class-wp-hook.php(308): Kadence\single_content('')
#16 /Applications/XAMPP/xamppfiles/htdocs/vinhammer/wp-includes/class-wp-hook.php(332): WP_Hook->apply_filters('', Array)
#17 /Applications/XAMPP/xamppfiles/htdocs/vinhammer/wp-includes/plugin.php(517): WP_Hook->do_action(Array)
#18 /Applications/XAMPP/xamppfiles/htdocs/vinhammer/wp-content/themes/kadence/template-parts/content/single.php(34): do_action('kadence_single_...')
#19 /Applications/XAMPP/xamppfiles/htdocs/vinhammer/wp-includes/template.php(785): require('/Applications/X...')
#20 /Applications/XAMPP/xamppfiles/htdocs/vinhammer/wp-includes/template.php(718): load_template('/Applications/X...', false, Array)
#21 /Applications/XAMPP/xamppfiles/htdocs/vinhammer/wp-includes/general-template.php(204): locate_template(Array, true, false, Array)
#22 /Applications/XAMPP/xamppfiles/htdocs/vinhammer/wp-content/themes/kadence/inc/template-functions/single-functions.php(20): get_template_part('template-parts/...', 'page')
#23 /Applications/XAMPP/xamppfiles/htdocs/vinhammer/wp-includes/class-wp-hook.php(308): Kadence\single_markup('')
#24 /Applications/XAMPP/xamppfiles/htdocs/vinhammer/wp-includes/class-wp-hook.php(332): WP_Hook->apply_filters('', Array)
#25 /Applications/XAMPP/xamppfiles/htdocs/vinhammer/wp-includes/plugin.php(517): WP_Hook->do_action(Array)
#26 /Applications/XAMPP/xamppfiles/htdocs/vinhammer/wp-content/themes/kadence/page.php(20): do_action('kadence_single')
#27 /Applications/XAMPP/xamppfiles/htdocs/vinhammer/wp-includes/template-loader.php(106): include('/Applications/X...')
#28 /Applications/XAMPP/xamppfiles/htdocs/vinhammer/wp-blog-header.php(19): require_once('/Applications/X...')
#29 /Applications/XAMPP/xamppfiles/htdocs/vinhammer/index.php(17): require('/Applications/X...')
#30 {main}
  thrown in /Applications/XAMPP/xamppfiles/htdocs/vinhammer/wp-content/themes/kadence-child/functions.php on line 624

2023-03-05T14:11:58+00:00 CRITICAL Uncaught Error: Call to undefined function get_uwa_auction_start_price() in /Applications/XAMPP/xamppfiles/htdocs/vinhammer/wp-content/themes/kadence-child/functions.php:625
Stack trace:
#0 /Applications/XAMPP/xamppfiles/htdocs/vinhammer/wp-includes/shortcodes.php(355): home_featured_action_func('', '', 'home_featured_a...')
#1 [internal function]: do_shortcode_tag(Array)
#2 /Applications/XAMPP/xamppfiles/htdocs/vinhammer/wp-includes/shortcodes.php(227): preg_replace_callback('/\\[(\\[?)(auctio...', 'do_shortcode_ta...', '<div class="kb-...')
#3 /Applications/XAMPP/xamppfiles/htdocs/vinhammer/wp-includes/class-wp-hook.php(308): do_shortcode('<div class="kb-...')
#4 /Applications/XAMPP/xamppfiles/htdocs/vinhammer/wp-includes/plugin.php(205): WP_Hook->apply_filters('<div class="kb-...', Array)
#5 /Applications/XAMPP/xamppfiles/htdocs/vinhammer/wp-includes/post-template.php(255): apply_filters('the_content', '<!-- wp:kadence...')
#6 /Applications/XAMPP/xamppfiles/htdocs/vinhammer/wp-content/themes/kadence/template-parts/content/entry_content.php(16): the_content('Continue readin...')
#7 /Applications/XAMPP/xamppfiles/htdocs/vinhammer/wp-includes/template.php(785): require('/Applications/X...')
#8 /Applications/XAMPP/xamppfiles/htdocs/vinhammer/wp-includes/template.php(718): load_template('/Applications/X...', false, Array)
#9 /Applications/XAMPP/xamppfiles/htdocs/vinhammer/wp-includes/general-template.php(204): locate_template(Array, true, false, Array)
#10 /Applications/XAMPP/xamppfiles/htdocs/vinhammer/wp-content/themes/kadence/template-parts/content/single-entry.php(28): get_template_part('template-parts/...', 'page')
#11 /Applications/XAMPP/xamppfiles/htdocs/vinhammer/wp-includes/template.php(785): require('/Applications/X...')
#12 /Applications/XAMPP/xamppfiles/htdocs/vinhammer/wp-includes/template.php(718): load_template('/Applications/X...', false, Array)
#13 /Applications/XAMPP/xamppfiles/htdocs/vinhammer/wp-includes/general-template.php(204): locate_template(Array, true, false, Array)
#14 /Applications/XAMPP/xamppfiles/htdocs/vinhammer/wp-content/themes/kadence/inc/template-functions/single-functions.php(27): get_template_part('template-parts/...', 'page')
#15 /Applications/XAMPP/xamppfiles/htdocs/vinhammer/wp-includes/class-wp-hook.php(308): Kadence\single_content('')
#16 /Applications/XAMPP/xamppfiles/htdocs/vinhammer/wp-includes/class-wp-hook.php(332): WP_Hook->apply_filters('', Array)
#17 /Applications/XAMPP/xamppfiles/htdocs/vinhammer/wp-includes/plugin.php(517): WP_Hook->do_action(Array)
#18 /Applications/XAMPP/xamppfiles/htdocs/vinhammer/wp-content/themes/kadence/template-parts/content/single.php(34): do_action('kadence_single_...')
#19 /Applications/XAMPP/xamppfiles/htdocs/vinhammer/wp-includes/template.php(785): require('/Applications/X...')
#20 /Applications/XAMPP/xamppfiles/htdocs/vinhammer/wp-includes/template.php(718): load_template('/Applications/X...', false, Array)
#21 /Applications/XAMPP/xamppfiles/htdocs/vinhammer/wp-includes/general-template.php(204): locate_template(Array, true, false, Array)
#22 /Applications/XAMPP/xamppfiles/htdocs/vinhammer/wp-content/themes/kadence/inc/template-functions/single-functions.php(20): get_template_part('template-parts/...', 'page')
#23 /Applications/XAMPP/xamppfiles/htdocs/vinhammer/wp-includes/class-wp-hook.php(308): Kadence\single_markup('')
#24 /Applications/XAMPP/xamppfiles/htdocs/vinhammer/wp-includes/class-wp-hook.php(332): WP_Hook->apply_filters('', Array)
#25 /Applications/XAMPP/xamppfiles/htdocs/vinhammer/wp-includes/plugin.php(517): WP_Hook->do_action(Array)
#26 /Applications/XAMPP/xamppfiles/htdocs/vinhammer/wp-content/themes/kadence/page.php(20): do_action('kadence_single')
#27 /Applications/XAMPP/xamppfiles/htdocs/vinhammer/wp-includes/template-loader.php(106): include('/Applications/X...')
#28 /Applications/XAMPP/xamppfiles/htdocs/vinhammer/wp-blog-header.php(19): require_once('/Applications/X...')
#29 /Applications/XAMPP/xamppfiles/htdocs/vinhammer/index.php(17): require('/Applications/X...')
#30 {main}
  thrown in /Applications/XAMPP/xamppfiles/htdocs/vinhammer/wp-content/themes/kadence-child/functions.php on line 625

2023-03-05T14:12:06+00:00 CRITICAL Uncaught Error: Call to undefined function get_uwa_auction_start_price() in /Applications/XAMPP/xamppfiles/htdocs/vinhammer/wp-content/themes/kadence-child/functions.php:625
Stack trace:
#0 /Applications/XAMPP/xamppfiles/htdocs/vinhammer/wp-includes/shortcodes.php(355): home_featured_action_func('', '', 'home_featured_a...')
#1 [internal function]: do_shortcode_tag(Array)
#2 /Applications/XAMPP/xamppfiles/htdocs/vinhammer/wp-includes/shortcodes.php(227): preg_replace_callback('/\\[(\\[?)(auctio...', 'do_shortcode_ta...', '<div class="kb-...')
#3 /Applications/XAMPP/xamppfiles/htdocs/vinhammer/wp-includes/class-wp-hook.php(308): do_shortcode('<div class="kb-...')
#4 /Applications/XAMPP/xamppfiles/htdocs/vinhammer/wp-includes/plugin.php(205): WP_Hook->apply_filters('<div class="kb-...', Array)
#5 /Applications/XAMPP/xamppfiles/htdocs/vinhammer/wp-includes/post-template.php(255): apply_filters('the_content', '<!-- wp:kadence...')
#6 /Applications/XAMPP/xamppfiles/htdocs/vinhammer/wp-content/themes/kadence/template-parts/content/entry_content.php(16): the_content('Continue readin...')
#7 /Applications/XAMPP/xamppfiles/htdocs/vinhammer/wp-includes/template.php(785): require('/Applications/X...')
#8 /Applications/XAMPP/xamppfiles/htdocs/vinhammer/wp-includes/template.php(718): load_template('/Applications/X...', false, Array)
#9 /Applications/XAMPP/xamppfiles/htdocs/vinhammer/wp-includes/general-template.php(204): locate_template(Array, true, false, Array)
#10 /Applications/XAMPP/xamppfiles/htdocs/vinhammer/wp-content/themes/kadence/template-parts/content/single-entry.php(28): get_template_part('template-parts/...', 'page')
#11 /Applications/XAMPP/xamppfiles/htdocs/vinhammer/wp-includes/template.php(785): require('/Applications/X...')
#12 /Applications/XAMPP/xamppfiles/htdocs/vinhammer/wp-includes/template.php(718): load_template('/Applications/X...', false, Array)
#13 /Applications/XAMPP/xamppfiles/htdocs/vinhammer/wp-includes/general-template.php(204): locate_template(Array, true, false, Array)
#14 /Applications/XAMPP/xamppfiles/htdocs/vinhammer/wp-content/themes/kadence/inc/template-functions/single-functions.php(27): get_template_part('template-parts/...', 'page')
#15 /Applications/XAMPP/xamppfiles/htdocs/vinhammer/wp-includes/class-wp-hook.php(308): Kadence\single_content('')
#16 /Applications/XAMPP/xamppfiles/htdocs/vinhammer/wp-includes/class-wp-hook.php(332): WP_Hook->apply_filters('', Array)
#17 /Applications/XAMPP/xamppfiles/htdocs/vinhammer/wp-includes/plugin.php(517): WP_Hook->do_action(Array)
#18 /Applications/XAMPP/xamppfiles/htdocs/vinhammer/wp-content/themes/kadence/template-parts/content/single.php(34): do_action('kadence_single_...')
#19 /Applications/XAMPP/xamppfiles/htdocs/vinhammer/wp-includes/template.php(785): require('/Applications/X...')
#20 /Applications/XAMPP/xamppfiles/htdocs/vinhammer/wp-includes/template.php(718): load_template('/Applications/X...', false, Array)
#21 /Applications/XAMPP/xamppfiles/htdocs/vinhammer/wp-includes/general-template.php(204): locate_template(Array, true, false, Array)
#22 /Applications/XAMPP/xamppfiles/htdocs/vinhammer/wp-content/themes/kadence/inc/template-functions/single-functions.php(20): get_template_part('template-parts/...', 'page')
#23 /Applications/XAMPP/xamppfiles/htdocs/vinhammer/wp-includes/class-wp-hook.php(308): Kadence\single_markup('')
#24 /Applications/XAMPP/xamppfiles/htdocs/vinhammer/wp-includes/class-wp-hook.php(332): WP_Hook->apply_filters('', Array)
#25 /Applications/XAMPP/xamppfiles/htdocs/vinhammer/wp-includes/plugin.php(517): WP_Hook->do_action(Array)
#26 /Applications/XAMPP/xamppfiles/htdocs/vinhammer/wp-content/themes/kadence/page.php(20): do_action('kadence_single')
#27 /Applications/XAMPP/xamppfiles/htdocs/vinhammer/wp-includes/template-loader.php(106): include('/Applications/X...')
#28 /Applications/XAMPP/xamppfiles/htdocs/vinhammer/wp-blog-header.php(19): require_once('/Applications/X...')
#29 /Applications/XAMPP/xamppfiles/htdocs/vinhammer/index.php(17): require('/Applications/X...')
#30 {main}
  thrown in /Applications/XAMPP/xamppfiles/htdocs/vinhammer/wp-content/themes/kadence-child/functions.php on line 625

2023-03-05T14:43:07+00:00 CRITICAL Uncaught Error: Call to undefined function get_uwa_total_next_bids() in /Applications/XAMPP/xamppfiles/htdocs/vinhammer/wp-content/themes/kadence-child/functions.php:624
Stack trace:
#0 /Applications/XAMPP/xamppfiles/htdocs/vinhammer/wp-includes/shortcodes.php(355): home_featured_action_func('', '', 'home_featured_a...')
#1 [internal function]: do_shortcode_tag(Array)
#2 /Applications/XAMPP/xamppfiles/htdocs/vinhammer/wp-includes/shortcodes.php(227): preg_replace_callback('/\\[(\\[?)(auctio...', 'do_shortcode_ta...', '<div class="kb-...')
#3 /Applications/XAMPP/xamppfiles/htdocs/vinhammer/wp-includes/class-wp-hook.php(308): do_shortcode('<div class="kb-...')
#4 /Applications/XAMPP/xamppfiles/htdocs/vinhammer/wp-includes/plugin.php(205): WP_Hook->apply_filters('<div class="kb-...', Array)
#5 /Applications/XAMPP/xamppfiles/htdocs/vinhammer/wp-includes/post-template.php(255): apply_filters('the_content', '<!-- wp:kadence...')
#6 /Applications/XAMPP/xamppfiles/htdocs/vinhammer/wp-content/themes/kadence/template-parts/content/entry_content.php(16): the_content('Continue readin...')
#7 /Applications/XAMPP/xamppfiles/htdocs/vinhammer/wp-includes/template.php(785): require('/Applications/X...')
#8 /Applications/XAMPP/xamppfiles/htdocs/vinhammer/wp-includes/template.php(718): load_template('/Applications/X...', false, Array)
#9 /Applications/XAMPP/xamppfiles/htdocs/vinhammer/wp-includes/general-template.php(204): locate_template(Array, true, false, Array)
#10 /Applications/XAMPP/xamppfiles/htdocs/vinhammer/wp-content/themes/kadence/template-parts/content/single-entry.php(28): get_template_part('template-parts/...', 'page')
#11 /Applications/XAMPP/xamppfiles/htdocs/vinhammer/wp-includes/template.php(785): require('/Applications/X...')
#12 /Applications/XAMPP/xamppfiles/htdocs/vinhammer/wp-includes/template.php(718): load_template('/Applications/X...', false, Array)
#13 /Applications/XAMPP/xamppfiles/htdocs/vinhammer/wp-includes/general-template.php(204): locate_template(Array, true, false, Array)
#14 /Applications/XAMPP/xamppfiles/htdocs/vinhammer/wp-content/themes/kadence/inc/template-functions/single-functions.php(27): get_template_part('template-parts/...', 'page')
#15 /Applications/XAMPP/xamppfiles/htdocs/vinhammer/wp-includes/class-wp-hook.php(308): Kadence\single_content('')
#16 /Applications/XAMPP/xamppfiles/htdocs/vinhammer/wp-includes/class-wp-hook.php(332): WP_Hook->apply_filters('', Array)
#17 /Applications/XAMPP/xamppfiles/htdocs/vinhammer/wp-includes/plugin.php(517): WP_Hook->do_action(Array)
#18 /Applications/XAMPP/xamppfiles/htdocs/vinhammer/wp-content/themes/kadence/template-parts/content/single.php(34): do_action('kadence_single_...')
#19 /Applications/XAMPP/xamppfiles/htdocs/vinhammer/wp-includes/template.php(785): require('/Applications/X...')
#20 /Applications/XAMPP/xamppfiles/htdocs/vinhammer/wp-includes/template.php(718): load_template('/Applications/X...', false, Array)
#21 /Applications/XAMPP/xamppfiles/htdocs/vinhammer/wp-includes/general-template.php(204): locate_template(Array, true, false, Array)
#22 /Applications/XAMPP/xamppfiles/htdocs/vinhammer/wp-content/themes/kadence/inc/template-functions/single-functions.php(20): get_template_part('template-parts/...', 'page')
#23 /Applications/XAMPP/xamppfiles/htdocs/vinhammer/wp-includes/class-wp-hook.php(308): Kadence\single_markup('')
#24 /Applications/XAMPP/xamppfiles/htdocs/vinhammer/wp-includes/class-wp-hook.php(332): WP_Hook->apply_filters('', Array)
#25 /Applications/XAMPP/xamppfiles/htdocs/vinhammer/wp-includes/plugin.php(517): WP_Hook->do_action(Array)
#26 /Applications/XAMPP/xamppfiles/htdocs/vinhammer/wp-content/themes/kadence/page.php(20): do_action('kadence_single')
#27 /Applications/XAMPP/xamppfiles/htdocs/vinhammer/wp-includes/template-loader.php(106): include('/Applications/X...')
#28 /Applications/XAMPP/xamppfiles/htdocs/vinhammer/wp-blog-header.php(19): require_once('/Applications/X...')
#29 /Applications/XAMPP/xamppfiles/htdocs/vinhammer/index.php(17): require('/Applications/X...')
#30 {main}
  thrown in /Applications/XAMPP/xamppfiles/htdocs/vinhammer/wp-content/themes/kadence-child/functions.php on line 624

