2023-03-01T12:51:11+00:00 CRITICAL Uncaught UnexpectedValueException: RecursiveDirectoryIterator::__construct(/Applications/XAMPP/xamppfiles/htdocs/vinhammer/wp-content/plugins/woocommerce/packages/woocommerce-blocks/build/vendors--cart-blocks/order-summary-shipping--checkout-blocks/billing-address--checkout-blocks): Failed to open directory: Too many open files in /Applications/XAMPP/xamppfiles/htdocs/vinhammer/wp-content/plugins/woocommerce/packages/woocommerce-blocks/src/BlockTypes/AbstractBlock.php:188
Stack trace:
#0 [internal function]: RecursiveDirectoryIterator->__construct('/Applications/X...', 0)
#1 /Applications/XAMPP/xamppfiles/htdocs/vinhammer/wp-content/plugins/woocommerce/packages/woocommerce-blocks/src/BlockTypes/AbstractBlock.php(188): RecursiveDirectoryIterator->getChildren()
#2 /Applications/XAMPP/xamppfiles/htdocs/vinhammer/wp-content/plugins/woocommerce/packages/woocommerce-blocks/src/BlockTypes/Cart.php(252): Automattic\WooCommerce\Blocks\BlockTypes\AbstractBlock->get_chunks_paths('vendors--cart-b...')
#3 /Applications/XAMPP/xamppfiles/htdocs/vinhammer/wp-content/plugins/woocommerce/packages/woocommerce-blocks/src/BlockTypes/AbstractBlock.php(115): Automattic\WooCommerce\Blocks\BlockTypes\Cart->register_block_type_assets()
#4 /Applications/XAMPP/xamppfiles/htdocs/vinhammer/wp-content/plugins/woocommerce/packages/woocommerce-blocks/src/BlockTypes/AbstractBlock.php(70): Automattic\WooCommerce\Blocks\BlockTypes\AbstractBlock->initialize()
#5 /Applications/XAMPP/xamppfiles/htdocs/vinhammer/wp-content/plugins/woocommerce/packages/woocommerce-blocks/src/BlockTypesController.php(64): Automattic\WooCommerce\Blocks\BlockTypes\AbstractBlock->__construct(Object(Automattic\WooCommerce\Blocks\Assets\Api), Object(Automattic\WooCommerce\Blocks\Assets\AssetDataRegistry), Object(Automattic\WooCommerce\Blocks\Integrations\IntegrationRegistry))
#6 /Applications/XAMPP/xamppfiles/htdocs/vinhammer/wp-includes/class-wp-hook.php(308): Automattic\WooCommerce\Blocks\BlockTypesController->register_blocks('')
#7 /Applications/XAMPP/xamppfiles/htdocs/vinhammer/wp-includes/class-wp-hook.php(332): WP_Hook->apply_filters(NULL, Array)
#8 /Applications/XAMPP/xamppfiles/htdocs/vinhammer/wp-includes/plugin.php(517): WP_Hook->do_action(Array)
#9 /Applications/XAMPP/xamppfiles/htdocs/vinhammer/wp-settings.php(617): do_action('init')
#10 /Applications/XAMPP/xamppfiles/htdocs/vinhammer/wp-config.php(98): require_once('/Applications/X...')
#11 /Applications/XAMPP/xamppfiles/htdocs/vinhammer/wp-load.php(50): require_once('/Applications/X...')
#12 /Applications/XAMPP/xamppfiles/htdocs/vinhammer/wp-cron.php(46): require_once('/Applications/X...')
#13 {main}
  thrown in /Applications/XAMPP/xamppfiles/htdocs/vinhammer/wp-content/plugins/woocommerce/packages/woocommerce-blocks/src/BlockTypes/AbstractBlock.php on line 188

2023-03-01T13:00:20+00:00 CRITICAL Uncaught UnexpectedValueException: RecursiveDirectoryIterator::__construct(/Applications/XAMPP/xamppfiles/htdocs/vinhammer/wp-content/plugins/woocommerce/packages/woocommerce-blocks/build/vendors--cart-blocks/order-summary-shipping--checkout-blocks/billing-address--checkout-blocks): Failed to open directory: Too many open files in /Applications/XAMPP/xamppfiles/htdocs/vinhammer/wp-content/plugins/woocommerce/packages/woocommerce-blocks/src/BlockTypes/AbstractBlock.php:188
Stack trace:
#0 [internal function]: RecursiveDirectoryIterator->__construct('/Applications/X...', 0)
#1 /Applications/XAMPP/xamppfiles/htdocs/vinhammer/wp-content/plugins/woocommerce/packages/woocommerce-blocks/src/BlockTypes/AbstractBlock.php(188): RecursiveDirectoryIterator->getChildren()
#2 /Applications/XAMPP/xamppfiles/htdocs/vinhammer/wp-content/plugins/woocommerce/packages/woocommerce-blocks/src/BlockTypes/Cart.php(252): Automattic\WooCommerce\Blocks\BlockTypes\AbstractBlock->get_chunks_paths('vendors--cart-b...')
#3 /Applications/XAMPP/xamppfiles/htdocs/vinhammer/wp-content/plugins/woocommerce/packages/woocommerce-blocks/src/BlockTypes/AbstractBlock.php(115): Automattic\WooCommerce\Blocks\BlockTypes\Cart->register_block_type_assets()
#4 /Applications/XAMPP/xamppfiles/htdocs/vinhammer/wp-content/plugins/woocommerce/packages/woocommerce-blocks/src/BlockTypes/AbstractBlock.php(70): Automattic\WooCommerce\Blocks\BlockTypes\AbstractBlock->initialize()
#5 /Applications/XAMPP/xamppfiles/htdocs/vinhammer/wp-content/plugins/woocommerce/packages/woocommerce-blocks/src/BlockTypesController.php(64): Automattic\WooCommerce\Blocks\BlockTypes\AbstractBlock->__construct(Object(Automattic\WooCommerce\Blocks\Assets\Api), Object(Automattic\WooCommerce\Blocks\Assets\AssetDataRegistry), Object(Automattic\WooCommerce\Blocks\Integrations\IntegrationRegistry))
#6 /Applications/XAMPP/xamppfiles/htdocs/vinhammer/wp-includes/class-wp-hook.php(308): Automattic\WooCommerce\Blocks\BlockTypesController->register_blocks('')
#7 /Applications/XAMPP/xamppfiles/htdocs/vinhammer/wp-includes/class-wp-hook.php(332): WP_Hook->apply_filters(NULL, Array)
#8 /Applications/XAMPP/xamppfiles/htdocs/vinhammer/wp-includes/plugin.php(517): WP_Hook->do_action(Array)
#9 /Applications/XAMPP/xamppfiles/htdocs/vinhammer/wp-settings.php(617): do_action('init')
#10 /Applications/XAMPP/xamppfiles/htdocs/vinhammer/wp-config.php(98): require_once('/Applications/X...')
#11 /Applications/XAMPP/xamppfiles/htdocs/vinhammer/wp-load.php(50): require_once('/Applications/X...')
#12 /Applications/XAMPP/xamppfiles/htdocs/vinhammer/wp-cron.php(46): require_once('/Applications/X...')
#13 {main}
  thrown in /Applications/XAMPP/xamppfiles/htdocs/vinhammer/wp-content/plugins/woocommerce/packages/woocommerce-blocks/src/BlockTypes/AbstractBlock.php on line 188

2023-03-01T13:17:20+00:00 CRITICAL Uncaught UnexpectedValueException: RecursiveDirectoryIterator::__construct(/Applications/XAMPP/xamppfiles/htdocs/vinhammer/wp-content/plugins/woocommerce/packages/woocommerce-blocks/build/cart-blocks/cart-express-payment--checkout-blocks): Failed to open directory: Too many open files in /Applications/XAMPP/xamppfiles/htdocs/vinhammer/wp-content/plugins/woocommerce/packages/woocommerce-blocks/src/BlockTypes/AbstractBlock.php:188
Stack trace:
#0 [internal function]: RecursiveDirectoryIterator->__construct('/Applications/X...', 0)
#1 /Applications/XAMPP/xamppfiles/htdocs/vinhammer/wp-content/plugins/woocommerce/packages/woocommerce-blocks/src/BlockTypes/AbstractBlock.php(188): RecursiveDirectoryIterator->getChildren()
#2 /Applications/XAMPP/xamppfiles/htdocs/vinhammer/wp-content/plugins/woocommerce/packages/woocommerce-blocks/src/BlockTypes/Cart.php(251): Automattic\WooCommerce\Blocks\BlockTypes\AbstractBlock->get_chunks_paths('cart-blocks')
#3 /Applications/XAMPP/xamppfiles/htdocs/vinhammer/wp-content/plugins/woocommerce/packages/woocommerce-blocks/src/BlockTypes/AbstractBlock.php(115): Automattic\WooCommerce\Blocks\BlockTypes\Cart->register_block_type_assets()
#4 /Applications/XAMPP/xamppfiles/htdocs/vinhammer/wp-content/plugins/woocommerce/packages/woocommerce-blocks/src/BlockTypes/AbstractBlock.php(70): Automattic\WooCommerce\Blocks\BlockTypes\AbstractBlock->initialize()
#5 /Applications/XAMPP/xamppfiles/htdocs/vinhammer/wp-content/plugins/woocommerce/packages/woocommerce-blocks/src/BlockTypesController.php(64): Automattic\WooCommerce\Blocks\BlockTypes\AbstractBlock->__construct(Object(Automattic\WooCommerce\Blocks\Assets\Api), Object(Automattic\WooCommerce\Blocks\Assets\AssetDataRegistry), Object(Automattic\WooCommerce\Blocks\Integrations\IntegrationRegistry))
#6 /Applications/XAMPP/xamppfiles/htdocs/vinhammer/wp-includes/class-wp-hook.php(308): Automattic\WooCommerce\Blocks\BlockTypesController->register_blocks('')
#7 /Applications/XAMPP/xamppfiles/htdocs/vinhammer/wp-includes/class-wp-hook.php(332): WP_Hook->apply_filters(NULL, Array)
#8 /Applications/XAMPP/xamppfiles/htdocs/vinhammer/wp-includes/plugin.php(517): WP_Hook->do_action(Array)
#9 /Applications/XAMPP/xamppfiles/htdocs/vinhammer/wp-settings.php(617): do_action('init')
#10 /Applications/XAMPP/xamppfiles/htdocs/vinhammer/wp-config.php(98): require_once('/Applications/X...')
#11 /Applications/XAMPP/xamppfiles/htdocs/vinhammer/wp-load.php(50): require_once('/Applications/X...')
#12 /Applications/XAMPP/xamppfiles/htdocs/vinhammer/wp-blog-header.php(13): require_once('/Applications/X...')
#13 /Applications/XAMPP/xamppfiles/htdocs/vinhammer/index.php(17): require('/Applications/X...')
#14 {main}
  thrown in /Applications/XAMPP/xamppfiles/htdocs/vinhammer/wp-content/plugins/woocommerce/packages/woocommerce-blocks/src/BlockTypes/AbstractBlock.php on line 188

2023-03-01T19:46:44+00:00 CRITICAL Uncaught Error: Call to undefined method GFFormDetail::delete_field() in /Applications/XAMPP/xamppfiles/htdocs/vinhammer/wp-content/plugins/gravityforms/gravityforms.php:4413
Stack trace:
#0 /Applications/XAMPP/xamppfiles/htdocs/vinhammer/wp-includes/class-wp-hook.php(308): GFForms::delete_field('')
#1 /Applications/XAMPP/xamppfiles/htdocs/vinhammer/wp-includes/class-wp-hook.php(332): WP_Hook->apply_filters('', Array)
#2 /Applications/XAMPP/xamppfiles/htdocs/vinhammer/wp-includes/plugin.php(517): WP_Hook->do_action(Array)
#3 /Applications/XAMPP/xamppfiles/htdocs/vinhammer/wp-admin/admin-ajax.php(188): do_action('wp_ajax_rg_dele...')
#4 {main}
  thrown in /Applications/XAMPP/xamppfiles/htdocs/vinhammer/wp-content/plugins/gravityforms/gravityforms.php on line 4413

2023-03-01T19:47:43+00:00 CRITICAL Uncaught Error: Call to undefined method GFFormDetail::delete_field() in /Applications/XAMPP/xamppfiles/htdocs/vinhammer/wp-content/plugins/gravityforms/gravityforms.php:4413
Stack trace:
#0 /Applications/XAMPP/xamppfiles/htdocs/vinhammer/wp-includes/class-wp-hook.php(308): GFForms::delete_field('')
#1 /Applications/XAMPP/xamppfiles/htdocs/vinhammer/wp-includes/class-wp-hook.php(332): WP_Hook->apply_filters('', Array)
#2 /Applications/XAMPP/xamppfiles/htdocs/vinhammer/wp-includes/plugin.php(517): WP_Hook->do_action(Array)
#3 /Applications/XAMPP/xamppfiles/htdocs/vinhammer/wp-admin/admin-ajax.php(188): do_action('wp_ajax_rg_dele...')
#4 {main}
  thrown in /Applications/XAMPP/xamppfiles/htdocs/vinhammer/wp-content/plugins/gravityforms/gravityforms.php on line 4413

2023-03-01T19:49:25+00:00 CRITICAL Uncaught Error: Call to undefined method GFFormDetail::delete_field() in /Applications/XAMPP/xamppfiles/htdocs/vinhammer/wp-content/plugins/gravityforms/gravityforms.php:4413
Stack trace:
#0 /Applications/XAMPP/xamppfiles/htdocs/vinhammer/wp-includes/class-wp-hook.php(308): GFForms::delete_field('')
#1 /Applications/XAMPP/xamppfiles/htdocs/vinhammer/wp-includes/class-wp-hook.php(332): WP_Hook->apply_filters('', Array)
#2 /Applications/XAMPP/xamppfiles/htdocs/vinhammer/wp-includes/plugin.php(517): WP_Hook->do_action(Array)
#3 /Applications/XAMPP/xamppfiles/htdocs/vinhammer/wp-admin/admin-ajax.php(188): do_action('wp_ajax_rg_dele...')
#4 {main}
  thrown in /Applications/XAMPP/xamppfiles/htdocs/vinhammer/wp-content/plugins/gravityforms/gravityforms.php on line 4413

2023-03-01T19:51:18+00:00 CRITICAL Uncaught Error: Call to undefined method GFFormDetail::delete_field() in /Applications/XAMPP/xamppfiles/htdocs/vinhammer/wp-content/plugins/gravityforms/gravityforms.php:4413
Stack trace:
#0 /Applications/XAMPP/xamppfiles/htdocs/vinhammer/wp-includes/class-wp-hook.php(308): GFForms::delete_field('')
#1 /Applications/XAMPP/xamppfiles/htdocs/vinhammer/wp-includes/class-wp-hook.php(332): WP_Hook->apply_filters('', Array)
#2 /Applications/XAMPP/xamppfiles/htdocs/vinhammer/wp-includes/plugin.php(517): WP_Hook->do_action(Array)
#3 /Applications/XAMPP/xamppfiles/htdocs/vinhammer/wp-admin/admin-ajax.php(188): do_action('wp_ajax_rg_dele...')
#4 {main}
  thrown in /Applications/XAMPP/xamppfiles/htdocs/vinhammer/wp-content/plugins/gravityforms/gravityforms.php on line 4413

2023-03-01T20:03:55+00:00 CRITICAL Uncaught Error: Call to undefined method GFFormDetail::delete_field() in /Applications/XAMPP/xamppfiles/htdocs/vinhammer/wp-content/plugins/gravityforms/gravityforms.php:4413
Stack trace:
#0 /Applications/XAMPP/xamppfiles/htdocs/vinhammer/wp-includes/class-wp-hook.php(308): GFForms::delete_field('')
#1 /Applications/XAMPP/xamppfiles/htdocs/vinhammer/wp-includes/class-wp-hook.php(332): WP_Hook->apply_filters('', Array)
#2 /Applications/XAMPP/xamppfiles/htdocs/vinhammer/wp-includes/plugin.php(517): WP_Hook->do_action(Array)
#3 /Applications/XAMPP/xamppfiles/htdocs/vinhammer/wp-admin/admin-ajax.php(188): do_action('wp_ajax_rg_dele...')
#4 {main}
  thrown in /Applications/XAMPP/xamppfiles/htdocs/vinhammer/wp-content/plugins/gravityforms/gravityforms.php on line 4413

2023-03-01T20:05:51+00:00 CRITICAL Uncaught Error: Call to undefined method GFFormDetail::delete_field() in /Applications/XAMPP/xamppfiles/htdocs/vinhammer/wp-content/plugins/gravityforms/gravityforms.php:4413
Stack trace:
#0 /Applications/XAMPP/xamppfiles/htdocs/vinhammer/wp-includes/class-wp-hook.php(308): GFForms::delete_field('')
#1 /Applications/XAMPP/xamppfiles/htdocs/vinhammer/wp-includes/class-wp-hook.php(332): WP_Hook->apply_filters('', Array)
#2 /Applications/XAMPP/xamppfiles/htdocs/vinhammer/wp-includes/plugin.php(517): WP_Hook->do_action(Array)
#3 /Applications/XAMPP/xamppfiles/htdocs/vinhammer/wp-admin/admin-ajax.php(188): do_action('wp_ajax_rg_dele...')
#4 {main}
  thrown in /Applications/XAMPP/xamppfiles/htdocs/vinhammer/wp-content/plugins/gravityforms/gravityforms.php on line 4413

2023-03-01T20:05:59+00:00 CRITICAL Uncaught Error: Call to undefined method GFFormDetail::delete_field() in /Applications/XAMPP/xamppfiles/htdocs/vinhammer/wp-content/plugins/gravityforms/gravityforms.php:4413
Stack trace:
#0 /Applications/XAMPP/xamppfiles/htdocs/vinhammer/wp-includes/class-wp-hook.php(308): GFForms::delete_field('')
#1 /Applications/XAMPP/xamppfiles/htdocs/vinhammer/wp-includes/class-wp-hook.php(332): WP_Hook->apply_filters('', Array)
#2 /Applications/XAMPP/xamppfiles/htdocs/vinhammer/wp-includes/plugin.php(517): WP_Hook->do_action(Array)
#3 /Applications/XAMPP/xamppfiles/htdocs/vinhammer/wp-admin/admin-ajax.php(188): do_action('wp_ajax_rg_dele...')
#4 {main}
  thrown in /Applications/XAMPP/xamppfiles/htdocs/vinhammer/wp-content/plugins/gravityforms/gravityforms.php on line 4413

2023-03-01T20:06:00+00:00 CRITICAL Uncaught Error: Call to undefined method GFFormDetail::delete_field() in /Applications/XAMPP/xamppfiles/htdocs/vinhammer/wp-content/plugins/gravityforms/gravityforms.php:4413
Stack trace:
#0 /Applications/XAMPP/xamppfiles/htdocs/vinhammer/wp-includes/class-wp-hook.php(308): GFForms::delete_field('')
#1 /Applications/XAMPP/xamppfiles/htdocs/vinhammer/wp-includes/class-wp-hook.php(332): WP_Hook->apply_filters('', Array)
#2 /Applications/XAMPP/xamppfiles/htdocs/vinhammer/wp-includes/plugin.php(517): WP_Hook->do_action(Array)
#3 /Applications/XAMPP/xamppfiles/htdocs/vinhammer/wp-admin/admin-ajax.php(188): do_action('wp_ajax_rg_dele...')
#4 {main}
  thrown in /Applications/XAMPP/xamppfiles/htdocs/vinhammer/wp-content/plugins/gravityforms/gravityforms.php on line 4413

2023-03-01T20:06:03+00:00 CRITICAL Uncaught Error: Call to undefined method GFFormDetail::delete_field() in /Applications/XAMPP/xamppfiles/htdocs/vinhammer/wp-content/plugins/gravityforms/gravityforms.php:4413
Stack trace:
#0 /Applications/XAMPP/xamppfiles/htdocs/vinhammer/wp-includes/class-wp-hook.php(308): GFForms::delete_field('')
#1 /Applications/XAMPP/xamppfiles/htdocs/vinhammer/wp-includes/class-wp-hook.php(332): WP_Hook->apply_filters('', Array)
#2 /Applications/XAMPP/xamppfiles/htdocs/vinhammer/wp-includes/plugin.php(517): WP_Hook->do_action(Array)
#3 /Applications/XAMPP/xamppfiles/htdocs/vinhammer/wp-admin/admin-ajax.php(188): do_action('wp_ajax_rg_dele...')
#4 {main}
  thrown in /Applications/XAMPP/xamppfiles/htdocs/vinhammer/wp-content/plugins/gravityforms/gravityforms.php on line 4413

2023-03-01T20:10:40+00:00 CRITICAL Uncaught Error: Call to undefined method GFFormDetail::delete_field() in /Applications/XAMPP/xamppfiles/htdocs/vinhammer/wp-content/plugins/gravityforms/gravityforms.php:4413
Stack trace:
#0 /Applications/XAMPP/xamppfiles/htdocs/vinhammer/wp-includes/class-wp-hook.php(308): GFForms::delete_field('')
#1 /Applications/XAMPP/xamppfiles/htdocs/vinhammer/wp-includes/class-wp-hook.php(332): WP_Hook->apply_filters('', Array)
#2 /Applications/XAMPP/xamppfiles/htdocs/vinhammer/wp-includes/plugin.php(517): WP_Hook->do_action(Array)
#3 /Applications/XAMPP/xamppfiles/htdocs/vinhammer/wp-admin/admin-ajax.php(188): do_action('wp_ajax_rg_dele...')
#4 {main}
  thrown in /Applications/XAMPP/xamppfiles/htdocs/vinhammer/wp-content/plugins/gravityforms/gravityforms.php on line 4413

2023-03-01T20:12:26+00:00 CRITICAL Uncaught Error: Call to undefined method GFFormDetail::delete_field() in /Applications/XAMPP/xamppfiles/htdocs/vinhammer/wp-content/plugins/gravityforms/gravityforms.php:4413
Stack trace:
#0 /Applications/XAMPP/xamppfiles/htdocs/vinhammer/wp-includes/class-wp-hook.php(308): GFForms::delete_field('')
#1 /Applications/XAMPP/xamppfiles/htdocs/vinhammer/wp-includes/class-wp-hook.php(332): WP_Hook->apply_filters('', Array)
#2 /Applications/XAMPP/xamppfiles/htdocs/vinhammer/wp-includes/plugin.php(517): WP_Hook->do_action(Array)
#3 /Applications/XAMPP/xamppfiles/htdocs/vinhammer/wp-admin/admin-ajax.php(188): do_action('wp_ajax_rg_dele...')
#4 {main}
  thrown in /Applications/XAMPP/xamppfiles/htdocs/vinhammer/wp-content/plugins/gravityforms/gravityforms.php on line 4413

2023-03-01T20:12:30+00:00 CRITICAL Uncaught Error: Call to undefined method GFFormDetail::delete_field() in /Applications/XAMPP/xamppfiles/htdocs/vinhammer/wp-content/plugins/gravityforms/gravityforms.php:4413
Stack trace:
#0 /Applications/XAMPP/xamppfiles/htdocs/vinhammer/wp-includes/class-wp-hook.php(308): GFForms::delete_field('')
#1 /Applications/XAMPP/xamppfiles/htdocs/vinhammer/wp-includes/class-wp-hook.php(332): WP_Hook->apply_filters('', Array)
#2 /Applications/XAMPP/xamppfiles/htdocs/vinhammer/wp-includes/plugin.php(517): WP_Hook->do_action(Array)
#3 /Applications/XAMPP/xamppfiles/htdocs/vinhammer/wp-admin/admin-ajax.php(188): do_action('wp_ajax_rg_dele...')
#4 {main}
  thrown in /Applications/XAMPP/xamppfiles/htdocs/vinhammer/wp-content/plugins/gravityforms/gravityforms.php on line 4413

