03-02-2023 @ 10:36:03 - 3.1.0 - No subscription webhooks found using API version 3. No updates needed.
03-02-2023 @ 10:36:03 - 5.3.1 upgrade complete from Subscriptions v0 while WooCommerce WC_VERSION 7.4.0 and database version 7.4.0 was active.
03-02-2023 @ 10:36:03 - Environment info:
03-02-2023 @ 10:36:03 -     WordPress Version : 6.1.1
03-02-2023 @ 10:36:03 - Active Plugins:
03-02-2023 @ 10:36:03 -     Gravity Perks by Gravity Wiz – 2.2.9
03-02-2023 @ 10:36:03 -     Gravity Forms by Gravity Forms – 2.7.2
03-02-2023 @ 10:36:03 -     Advanced Custom Fields PRO by WP Engine – 6.0.7
03-02-2023 @ 10:36:03 -     All In One Migration Unlimited Extension by Noman – 2.52
03-02-2023 @ 10:36:03 -     All-in-One WP Migration by ServMask – 7.71
03-02-2023 @ 10:36:03 -     Yoast Duplicate Post by Enrico Battocchi & Team Yoast – 4.5
03-02-2023 @ 10:36:03 -     Font Awesome by Font Awesome – 4.3.2
03-02-2023 @ 10:36:03 -     Front End PM PRO by Shamim Hasan – 11.3.6
03-02-2023 @ 10:36:03 -     Multiple Columns for Gravity Forms by WebHolism – 4.0.6
03-02-2023 @ 10:36:03 -     GP File Upload Pro by Gravity Wiz – 1.3.6
03-02-2023 @ 10:36:03 -     Gravity Forms reCAPTCHA Add-On by Gravity Forms – 1.1
03-02-2023 @ 10:36:03 -     Gravity Forms User Registration Add-On by Gravity Forms – 5.0
03-02-2023 @ 10:36:03 -     GP Reload Form by Gravity Wiz – 2.1.4
03-02-2023 @ 10:36:03 -     Import and export users and customers by codection – 1.21.5
03-02-2023 @ 10:36:03 -     WPCode Lite by WPCode – 2.0.8.1
03-02-2023 @ 10:36:03 -     Kadence Blocks - PRO Extension by Kadence WP – 1.7.23
03-02-2023 @ 10:36:03 -     Kadence Blocks – Gutenberg Blocks for Page Builder Features by Kadence WP – 3.0.12
03-02-2023 @ 10:36:03 -     Kadence Pro - Premium addon for the Kadence Theme by Kadence WP – 1.0.7
03-02-2023 @ 10:36:03 -     Kadence Slider by Kadence WP – 2.3.4
03-02-2023 @ 10:36:03 -     MalCare WordPress Security Plugin - Malware Scanner, Cleaner, Security Firewall by MalCare Security – 4.87
03-02-2023 @ 10:36:03 -     Sassy Social Share by Team Heateor – 3.3.46
03-02-2023 @ 10:36:03 -     Ultimate Member by Ultimate Member – 2.5.4
03-02-2023 @ 10:36:03 -     Ultimate WooCommerce Auction Pro - Business by Nitesh Singh – 2.3.3
03-02-2023 @ 10:36:03 -     UpdraftPlus - Backup/Restore by UpdraftPlus.Com, DavidAnderson – 2.22.12.25
03-02-2023 @ 10:36:03 -     WooCommerce Payments by Automattic – 5.5.1
03-02-2023 @ 10:36:03 -     WooCommerce by Automattic – 7.4.0
03-02-2023 @ 10:36:03 -     WordPress Importer by wordpressdotorg – 0.8
03-02-2023 @ 10:36:03 -     WP Rocket by WP Media – 3.12.5.3
03-02-2023 @ 10:36:03 -     wpDiscuz - Comment Author Info by gVectors Team – 7.0.11
03-02-2023 @ 10:36:03 -     wpDiscuz - Embeds by gVectors Team – 1.1.0
03-02-2023 @ 10:36:03 -     wpDiscuz - Media Uploader by gVectors Team – 7.1.1
03-02-2023 @ 10:36:03 -     wpDiscuz - Report and Flagging by gVectors Team – 7.0.11
03-02-2023 @ 10:36:03 -     wpDiscuz by gVectors Team – 7.5.3
